Num ranks: 96
MKL max threads: 1
GEOS version: 1.0.1 (develop, sha1: 4d4eb3500)
  - c++ compiler: gcc 12.2.1
  - MPI version: Open MPI v4.1.7a1, package: Open MPI root@hpc-kernel-03 Distribution, ident: 4.1.7a1, repo rev: v4.1.5-105-g821f7a18fb, Unreleased developer copy
  - HDF5 version: 1.12.1
  - Conduit version: 0.9.2
  - VTK version: 9.2.6
  - RAJA version: 2024.2.2
  - umpire version: 2024.2.1
  - chai version: 2024.2.2
  - adiak version: ..
  - caliper version: ..
  - METIS version: 5.1.0
  - PARAMETIS version: 4.0.0
  - scotch version: 7.0.3
  - superlu_dist version: 6.3.0
  - suitesparse version: 5.7.9
  - hypre version: v2.31.0-12-g06da35b1a (master)
  - Python3 version: 3.11.6
Started at 2024-08-29 20:42:14.024468439
Opened XML file: /lustre/p4scratch/scratch/workspace/j1067677/SPE10/new/SPE10_with_burdens_fim_homog.xml
Included additionnal XML file: /lustre/p4scratch/scratch/workspace/j1067677/SPE10/new/SPE10_with_burdens_base_homog.xml
Adding Solver of type MultiphasePoromechanics, named PoromechanicsSolver
Adding Solver of type SolidMechanicsLagrangianSSLE, named mechanicsSolver
Adding Solver of type CompositionalMultiphaseFVM, named twoPhaseFlow
Adding Mesh: InternalMesh, mesh1
Adding Geometric Object: Box, source
Adding Geometric Object: Box, sink1
Adding Geometric Object: Box, sink2
Adding Geometric Object: Box, sink3
Adding Geometric Object: Box, sink4
Adding Event: SoloEvent, equilStep
Adding Event: PeriodicEvent, solverApplications0
Adding Event: PeriodicEvent, solverApplications1
   TableFunction: permxFunc
   TableFunction: permyFunc
   TableFunction: permzFunc
   TableFunction: poroFunc
   TableFunction: initCO2CompFractionTable
   TableFunction: initWaterCompFractionTable
   TableFunction: initTempTable
   TableFunction: waterRelativePermeabilityTable
   TableFunction: gasRelativePermeabilityTable
Adding Output: VTK, vtkOutput_512_inject
Adding Object CellElementRegion named Reservoir from ObjectManager::Catalog.
Adding Object CellElementRegion named Burden from ObjectManager::Catalog.
   TableFunction: fluid_phaseModel1_PhillipsBrineDensity_table
   TableFunction: fluid_phaseModel1_PhillipsBrineViscosity_table
   TableFunction: fluid_phaseModel2_SpanWagnerCO2Density_table
   TableFunction: fluid_phaseModel2_FenghourCO2Viscosity_table
   TableFunction: fluid_CO2Solubility_co2Dissolution_table
   TableFunction: fluid_CO2Solubility_waterVaporization_table

--------------------------------------------------
|       PoromechanicsSolver: linear solver       |
--------------------------------------------------
|  Parameter                          |  Value   |
--------------------------------------------------
|  Log level                          |  1       |
|  Linear solver type                 |  gmres   |
|  Preconditioner type                |  mgr     |
|  Stop if error                      |  1       |
|  Maximum iterations                 |  200     |
|  Maximum iterations before restart  |  200     |
|  Use adaptive tolerance             |  0       |
|  Relative convergence tolerance     |  0.0001  |
--------------------------------------------------


PoromechanicsSolver: found CompositionalMultiphaseFVM solver named twoPhaseFlow
PoromechanicsSolver: found SolidMechanicsLagrangianSSLE solver named mechanicsSolver
mesh1: total number of nodes = 6845696
mesh1: total number of elems = 6732000
MPI Partition information:
  MeshBody: mesh1 MeshLevel: FE1

  |------------------------------------------------------------------------------------------------------------------------------------------------|
  |                |             Nodes             |             Edges             |             Faces             |             Elems             |
  |------------------------------------------------------------------------------------------------------------------------------------------------|
  |min(local/total)|             0.79              |             0.81              |             0.83              |             0.85              |
  |max(local/total)|             0.92              |             0.92              |             0.92              |             0.92              |
  |------------------------------------------------------------------------------------------------------------------------------------------------|
  |      Rank      |     local     |     ghost     |     local     |     ghost     |     local     |     ghost     |     local     |     ghost     |
  |----------------|---------------|---------------|---------------|---------------|---------------|---------------|---------------|---------------|
  |            min |        69,300 |         6,324 |       207,900 |        18,685 |       207,900 |        18,401 |        69,300 |         6,040 |
  |            max |        76,440 |        18,978 |       223,139 |        50,173 |       217,100 |        43,560 |        70,400 |        12,364 |
  |------------------------------------------------------------------------------------------------------------------------------------------------|
  |              0 |        76,440 |         6,324 |       223,139 |        18,685 |       217,100 |        18,401 |        70,400 |         6,040 |
  |------------------------------------------------------------------------------------------------------------------------------------------------|
  MeshBody: mesh1 MeshLevel: multiPhaseTPFA

  |------------------------------------------------------------------------------------------------------------------------------------------------|
  |                |             Nodes             |             Edges             |             Faces             |             Elems             |
  |------------------------------------------------------------------------------------------------------------------------------------------------|
  |min(local/total)|             0.79              |             0.81              |             0.83              |             0.85              |
  |max(local/total)|             0.92              |             0.92              |             0.92              |             0.92              |
  |------------------------------------------------------------------------------------------------------------------------------------------------|
  |      Rank      |     local     |     ghost     |     local     |     ghost     |     local     |     ghost     |     local     |     ghost     |
  |----------------|---------------|---------------|---------------|---------------|---------------|---------------|---------------|---------------|
  |            min |        69,300 |         6,324 |       207,900 |        18,685 |       207,900 |        18,401 |        69,300 |         6,040 |
  |            max |        76,440 |        18,978 |       223,139 |        50,173 |       217,100 |        43,560 |        70,400 |        12,364 |
  |------------------------------------------------------------------------------------------------------------------------------------------------|
  |              0 |        76,440 |         6,324 |       223,139 |        18,685 |       217,100 |        18,401 |        70,400 |         6,040 |
  |------------------------------------------------------------------------------------------------------------------------------------------------|
  |              1 |        74,088 |         8,676 |       217,413 |        24,411 |       212,625 |        22,876 |        69,300 |         7,140 |
  |              1 |        74,088 |         8,676 |       217,413 |        24,411 |       212,625 |        22,876 |        69,300 |         7,140 |
  |              2 |        75,264 |         8,754 |       220,864 |        24,643 |       216,000 |        23,106 |        70,400 |         7,216 |
  |              2 |        75,264 |         8,754 |       220,864 |        24,643 |       216,000 |        23,106 |        70,400 |         7,216 |
  |              3 |        75,264 |         7,500 |       220,864 |        20,960 |       216,000 |        19,501 |        70,400 |         6,040 |
  |              3 |        75,264 |         7,500 |       220,864 |        20,960 |       216,000 |        19,501 |        70,400 |         6,040 |
  |              4 |        75,075 |         9,141 |       220,495 |        25,597 |       215,820 |        23,862 |        70,400 |         7,405 |
  |              4 |        75,075 |         9,141 |       220,495 |        25,597 |       215,820 |        23,862 |        70,400 |         7,405 |
  |              5 |        72,765 |        11,451 |       214,830 |        31,262 |       211,365 |        28,317 |        69,300 |         8,505 |
  |              5 |        72,765 |        11,451 |       214,830 |        31,262 |       211,365 |        28,317 |        69,300 |         8,505 |
  |              6 |        73,920 |        11,572 |       218,240 |        31,600 |       214,720 |        28,631 |        70,400 |         8,602 |
  |              6 |        73,920 |        11,572 |       218,240 |        31,600 |       214,720 |        28,631 |        70,400 |         8,602 |
  |              7 |        73,920 |        10,296 |       218,240 |        27,852 |       214,720 |        24,962 |        70,400 |         7,405 |
  |              7 |        73,920 |        10,296 |       218,240 |        27,852 |       214,720 |        24,962 |        70,400 |         7,405 |
  |              8 |        75,075 |         9,141 |       220,495 |        25,597 |       215,820 |        23,862 |        70,400 |         7,405 |
  |              8 |        75,075 |         9,141 |       220,495 |        25,597 |       215,820 |        23,862 |        70,400 |         7,405 |
  |              9 |        72,765 |        11,451 |       214,830 |        31,262 |       211,365 |        28,317 |        69,300 |         8,505 |
  |              9 |        72,765 |        11,451 |       214,830 |        31,262 |       211,365 |        28,317 |        69,300 |         8,505 |
  |             10 |        73,920 |        11,572 |       218,240 |        31,600 |       214,720 |        28,631 |        70,400 |         8,602 |
  |             10 |        73,920 |        11,572 |       218,240 |        31,600 |       214,720 |        28,631 |        70,400 |         8,602 |
  |             11 |        73,920 |        10,296 |       218,240 |        27,852 |       214,720 |        24,962 |        70,400 |         7,405 |
  |             11 |        73,920 |        10,296 |       218,240 |        27,852 |       214,720 |        24,962 |        70,400 |         7,405 |
  |             12 |        75,075 |         7,689 |       220,495 |        21,329 |       215,820 |        19,681 |        70,400 |         6,040 |
  |             12 |        75,075 |         7,689 |       220,495 |        21,329 |       215,820 |        19,681 |        70,400 |         6,040 |
  |             13 |        72,765 |         9,999 |       214,830 |        26,994 |       211,365 |        24,136 |        69,300 |         7,140 |
  |             13 |        72,765 |         9,999 |       214,830 |        26,994 |       211,365 |        24,136 |        69,300 |         7,140 |
  |             14 |        73,920 |        10,098 |       218,240 |        27,267 |       214,720 |        24,386 |        70,400 |         7,216 |
  |             14 |        73,920 |        10,098 |       218,240 |        27,267 |       214,720 |        24,386 |        70,400 |         7,216 |
  |             15 |        73,920 |         8,844 |       218,240 |        23,584 |       214,720 |        20,781 |        70,400 |         6,040 |
  |             15 |        73,920 |         8,844 |       218,240 |        23,584 |       214,720 |        20,781 |        70,400 |         6,040 |
  |             16 |        72,800 |        13,726 |       215,980 |        37,007 |       213,580 |        32,962 |        70,400 |         9,680 |
  |             16 |        72,800 |        13,726 |       215,980 |        37,007 |       213,580 |        32,962 |        70,400 |         9,680 |
  |             17 |        70,560 |        15,966 |       210,420 |        42,567 |       209,160 |        37,382 |        69,300 |        10,780 |
  |             17 |        70,560 |        15,966 |       210,420 |        42,567 |       209,160 |        37,382 |        69,300 |        10,780 |
  |             18 |        71,680 |        16,157 |       213,760 |        43,080 |       212,480 |        37,836 |        70,400 |        10,912 |
  |             18 |        71,680 |        16,157 |       213,760 |        43,080 |       212,480 |        37,836 |        70,400 |        10,912 |
  |             19 |        71,680 |        14,846 |       213,760 |        39,227 |       212,480 |        34,062 |        70,400 |         9,680 |
  |             19 |        71,680 |        14,846 |       213,760 |        39,227 |       212,480 |        34,062 |        70,400 |         9,680 |
  |             20 |        71,500 |        16,544 |       213,400 |        44,052 |       212,300 |        38,619 |        70,400 |        11,110 |
  |             20 |        71,500 |        16,544 |       213,400 |        44,052 |       212,300 |        38,619 |        70,400 |        11,110 |
  |             21 |        69,300 |        18,744 |       207,900 |        49,552 |       207,900 |        43,019 |        69,300 |        12,210 |
  |             21 |        69,300 |        18,744 |       207,900 |        49,552 |       207,900 |        43,019 |        69,300 |        12,210 |
  |             22 |        70,400 |        18,978 |       211,200 |        50,173 |       211,200 |        43,560 |        70,400 |        12,364 |
  |             22 |        70,400 |        18,978 |       211,200 |        50,173 |       211,200 |        43,560 |        70,400 |        12,364 |
  |             23 |        70,400 |        17,644 |       211,200 |        46,252 |       211,200 |        39,719 |        70,400 |        11,110 |
  |             23 |        70,400 |        17,644 |       211,200 |        46,252 |       211,200 |        39,719 |        70,400 |        11,110 |
  |             24 |        71,500 |        16,544 |       213,400 |        44,052 |       212,300 |        38,619 |        70,400 |        11,110 |
  |             24 |        71,500 |        16,544 |       213,400 |        44,052 |       212,300 |        38,619 |        70,400 |        11,110 |
  |             25 |        69,300 |        18,744 |       207,900 |        49,552 |       207,900 |        43,019 |        69,300 |        12,210 |
  |             25 |        69,300 |        18,744 |       207,900 |        49,552 |       207,900 |        43,019 |        69,300 |        12,210 |
  |             26 |        70,400 |        18,978 |       211,200 |        50,173 |       211,200 |        43,560 |        70,400 |        12,364 |
  |             26 |        70,400 |        18,978 |       211,200 |        50,173 |       211,200 |        43,560 |        70,400 |        12,364 |
  |             27 |        70,400 |        17,644 |       211,200 |        46,252 |       211,200 |        39,719 |        70,400 |        11,110 |
  |             27 |        70,400 |        17,644 |       211,200 |        46,252 |       211,200 |        39,719 |        70,400 |        11,110 |
  |             28 |        71,500 |        15,026 |       213,400 |        39,587 |       212,300 |        34,242 |        70,400 |         9,680 |
  |             28 |        71,500 |        15,026 |       213,400 |        39,587 |       212,300 |        34,242 |        70,400 |         9,680 |
  |             29 |        69,300 |        17,226 |       207,900 |        45,087 |       207,900 |        38,642 |        69,300 |        10,780 |
  |             29 |        69,300 |        17,226 |       207,900 |        45,087 |       207,900 |        38,642 |        69,300 |        10,780 |
  |             30 |        70,400 |        17,437 |       211,200 |        45,640 |       211,200 |        39,116 |        70,400 |        10,912 |
  |             30 |        70,400 |        17,437 |       211,200 |        45,640 |       211,200 |        39,116 |        70,400 |        10,912 |
  |             31 |        70,400 |        16,126 |       211,200 |        41,787 |       211,200 |        35,342 |        70,400 |         9,680 |
  |             31 |        70,400 |        16,126 |       211,200 |        41,787 |       211,200 |        35,342 |        70,400 |         9,680 |
  |             32 |        72,800 |        13,726 |       215,980 |        37,007 |       213,580 |        32,962 |        70,400 |         9,680 |
  |             32 |        72,800 |        13,726 |       215,980 |        37,007 |       213,580 |        32,962 |        70,400 |         9,680 |
  |             33 |        70,560 |        15,966 |       210,420 |        42,567 |       209,160 |        37,382 |        69,300 |        10,780 |
  |             33 |        70,560 |        15,966 |       210,420 |        42,567 |       209,160 |        37,382 |        69,300 |        10,780 |
  |             34 |        71,680 |        16,157 |       213,760 |        43,080 |       212,480 |        37,836 |        70,400 |        10,912 |
  |             34 |        71,680 |        16,157 |       213,760 |        43,080 |       212,480 |        37,836 |        70,400 |        10,912 |
  |             35 |        71,680 |        14,846 |       213,760 |        39,227 |       212,480 |        34,062 |        70,400 |         9,680 |
  |             35 |        71,680 |        14,846 |       213,760 |        39,227 |       212,480 |        34,062 |        70,400 |         9,680 |
  |             36 |        71,500 |        16,544 |       213,400 |        44,052 |       212,300 |        38,619 |        70,400 |        11,110 |
  |             36 |        71,500 |        16,544 |       213,400 |        44,052 |       212,300 |        38,619 |        70,400 |        11,110 |
  |             37 |        69,300 |        18,744 |       207,900 |        49,552 |       207,900 |        43,019 |        69,300 |        12,210 |
  |             37 |        69,300 |        18,744 |       207,900 |        49,552 |       207,900 |        43,019 |        69,300 |        12,210 |
  |             38 |        70,400 |        18,978 |       211,200 |        50,173 |       211,200 |        43,560 |        70,400 |        12,364 |
  |             38 |        70,400 |        18,978 |       211,200 |        50,173 |       211,200 |        43,560 |        70,400 |        12,364 |
  |             39 |        70,400 |        17,644 |       211,200 |        46,252 |       211,200 |        39,719 |        70,400 |        11,110 |
  |             39 |        70,400 |        17,644 |       211,200 |        46,252 |       211,200 |        39,719 |        70,400 |        11,110 |
  |             40 |        71,500 |        16,544 |       213,400 |        44,052 |       212,300 |        38,619 |        70,400 |        11,110 |
  |             40 |        71,500 |        16,544 |       213,400 |        44,052 |       212,300 |        38,619 |        70,400 |        11,110 |
  |             41 |        69,300 |        18,744 |       207,900 |        49,552 |       207,900 |        43,019 |        69,300 |        12,210 |
  |             41 |        69,300 |        18,744 |       207,900 |        49,552 |       207,900 |        43,019 |        69,300 |        12,210 |
  |             42 |        70,400 |        18,978 |       211,200 |        50,173 |       211,200 |        43,560 |        70,400 |        12,364 |
  |             42 |        70,400 |        18,978 |       211,200 |        50,173 |       211,200 |        43,560 |        70,400 |        12,364 |
  |             43 |        70,400 |        17,644 |       211,200 |        46,252 |       211,200 |        39,719 |        70,400 |        11,110 |
  |             43 |        70,400 |        17,644 |       211,200 |        46,252 |       211,200 |        39,719 |        70,400 |        11,110 |
  |             44 |        71,500 |        15,026 |       213,400 |        39,587 |       212,300 |        34,242 |        70,400 |         9,680 |
  |             44 |        71,500 |        15,026 |       213,400 |        39,587 |       212,300 |        34,242 |        70,400 |         9,680 |
  |             45 |        69,300 |        17,226 |       207,900 |        45,087 |       207,900 |        38,642 |        69,300 |        10,780 |
  |             45 |        69,300 |        17,226 |       207,900 |        45,087 |       207,900 |        38,642 |        69,300 |        10,780 |
  |             46 |        70,400 |        17,437 |       211,200 |        45,640 |       211,200 |        39,116 |        70,400 |        10,912 |
  |             46 |        70,400 |        17,437 |       211,200 |        45,640 |       211,200 |        39,116 |        70,400 |        10,912 |
  |             47 |        70,400 |        16,126 |       211,200 |        41,787 |       211,200 |        35,342 |        70,400 |         9,680 |
  |             47 |        70,400 |        16,126 |       211,200 |        41,787 |       211,200 |        35,342 |        70,400 |         9,680 |
  |             48 |        72,800 |        13,726 |       215,980 |        37,007 |       213,580 |        32,962 |        70,400 |         9,680 |
  |             48 |        72,800 |        13,726 |       215,980 |        37,007 |       213,580 |        32,962 |        70,400 |         9,680 |
  |             49 |        70,560 |        15,966 |       210,420 |        42,567 |       209,160 |        37,382 |        69,300 |        10,780 |
  |             49 |        70,560 |        15,966 |       210,420 |        42,567 |       209,160 |        37,382 |        69,300 |        10,780 |
  |             50 |        71,680 |        16,157 |       213,760 |        43,080 |       212,480 |        37,836 |        70,400 |        10,912 |
  |             50 |        71,680 |        16,157 |       213,760 |        43,080 |       212,480 |        37,836 |        70,400 |        10,912 |
  |             51 |        71,680 |        14,846 |       213,760 |        39,227 |       212,480 |        34,062 |        70,400 |         9,680 |
  |             51 |        71,680 |        14,846 |       213,760 |        39,227 |       212,480 |        34,062 |        70,400 |         9,680 |
  |             52 |        71,500 |        16,544 |       213,400 |        44,052 |       212,300 |        38,619 |        70,400 |        11,110 |
  |             52 |        71,500 |        16,544 |       213,400 |        44,052 |       212,300 |        38,619 |        70,400 |        11,110 |
  |             53 |        69,300 |        18,744 |       207,900 |        49,552 |       207,900 |        43,019 |        69,300 |        12,210 |
  |             53 |        69,300 |        18,744 |       207,900 |        49,552 |       207,900 |        43,019 |        69,300 |        12,210 |
  |             54 |        70,400 |        18,978 |       211,200 |        50,173 |       211,200 |        43,560 |        70,400 |        12,364 |
  |             54 |        70,400 |        18,978 |       211,200 |        50,173 |       211,200 |        43,560 |        70,400 |        12,364 |
  |             55 |        70,400 |        17,644 |       211,200 |        46,252 |       211,200 |        39,719 |        70,400 |        11,110 |
  |             55 |        70,400 |        17,644 |       211,200 |        46,252 |       211,200 |        39,719 |        70,400 |        11,110 |
  |             56 |        71,500 |        16,544 |       213,400 |        44,052 |       212,300 |        38,619 |        70,400 |        11,110 |
  |             56 |        71,500 |        16,544 |       213,400 |        44,052 |       212,300 |        38,619 |        70,400 |        11,110 |
  |             57 |        69,300 |        18,744 |       207,900 |        49,552 |       207,900 |        43,019 |        69,300 |        12,210 |
  |             57 |        69,300 |        18,744 |       207,900 |        49,552 |       207,900 |        43,019 |        69,300 |        12,210 |
  |             58 |        70,400 |        18,978 |       211,200 |        50,173 |       211,200 |        43,560 |        70,400 |        12,364 |
  |             58 |        70,400 |        18,978 |       211,200 |        50,173 |       211,200 |        43,560 |        70,400 |        12,364 |
  |             59 |        70,400 |        17,644 |       211,200 |        46,252 |       211,200 |        39,719 |        70,400 |        11,110 |
  |             59 |        70,400 |        17,644 |       211,200 |        46,252 |       211,200 |        39,719 |        70,400 |        11,110 |
  |             60 |        71,500 |        15,026 |       213,400 |        39,587 |       212,300 |        34,242 |        70,400 |         9,680 |
  |             60 |        71,500 |        15,026 |       213,400 |        39,587 |       212,300 |        34,242 |        70,400 |         9,680 |
  |             61 |        69,300 |        17,226 |       207,900 |        45,087 |       207,900 |        38,642 |        69,300 |        10,780 |
  |             61 |        69,300 |        17,226 |       207,900 |        45,087 |       207,900 |        38,642 |        69,300 |        10,780 |
  |             62 |        70,400 |        17,437 |       211,200 |        45,640 |       211,200 |        39,116 |        70,400 |        10,912 |
  |             62 |        70,400 |        17,437 |       211,200 |        45,640 |       211,200 |        39,116 |        70,400 |        10,912 |
  |             63 |        70,400 |        16,126 |       211,200 |        41,787 |       211,200 |        35,342 |        70,400 |         9,680 |
  |             63 |        70,400 |        16,126 |       211,200 |        41,787 |       211,200 |        35,342 |        70,400 |         9,680 |
  |             64 |        72,800 |        13,726 |       215,980 |        37,007 |       213,580 |        32,962 |        70,400 |         9,680 |
  |             64 |        72,800 |        13,726 |       215,980 |        37,007 |       213,580 |        32,962 |        70,400 |         9,680 |
  |             65 |        70,560 |        15,966 |       210,420 |        42,567 |       209,160 |        37,382 |        69,300 |        10,780 |
  |             65 |        70,560 |        15,966 |       210,420 |        42,567 |       209,160 |        37,382 |        69,300 |        10,780 |
  |             66 |        71,680 |        16,157 |       213,760 |        43,080 |       212,480 |        37,836 |        70,400 |        10,912 |
  |             66 |        71,680 |        16,157 |       213,760 |        43,080 |       212,480 |        37,836 |        70,400 |        10,912 |
  |             67 |        71,680 |        14,846 |       213,760 |        39,227 |       212,480 |        34,062 |        70,400 |         9,680 |
  |             67 |        71,680 |        14,846 |       213,760 |        39,227 |       212,480 |        34,062 |        70,400 |         9,680 |
  |             68 |        71,500 |        16,544 |       213,400 |        44,052 |       212,300 |        38,619 |        70,400 |        11,110 |
  |             68 |        71,500 |        16,544 |       213,400 |        44,052 |       212,300 |        38,619 |        70,400 |        11,110 |
  |             69 |        69,300 |        18,744 |       207,900 |        49,552 |       207,900 |        43,019 |        69,300 |        12,210 |
  |             69 |        69,300 |        18,744 |       207,900 |        49,552 |       207,900 |        43,019 |        69,300 |        12,210 |
  |             70 |        70,400 |        18,978 |       211,200 |        50,173 |       211,200 |        43,560 |        70,400 |        12,364 |
  |             70 |        70,400 |        18,978 |       211,200 |        50,173 |       211,200 |        43,560 |        70,400 |        12,364 |
  |             71 |        70,400 |        17,644 |       211,200 |        46,252 |       211,200 |        39,719 |        70,400 |        11,110 |
  |             71 |        70,400 |        17,644 |       211,200 |        46,252 |       211,200 |        39,719 |        70,400 |        11,110 |
  |             72 |        71,500 |        16,544 |       213,400 |        44,052 |       212,300 |        38,619 |        70,400 |        11,110 |
  |             72 |        71,500 |        16,544 |       213,400 |        44,052 |       212,300 |        38,619 |        70,400 |        11,110 |
  |             73 |        69,300 |        18,744 |       207,900 |        49,552 |       207,900 |        43,019 |        69,300 |        12,210 |
  |             73 |        69,300 |        18,744 |       207,900 |        49,552 |       207,900 |        43,019 |        69,300 |        12,210 |
  |             74 |        70,400 |        18,978 |       211,200 |        50,173 |       211,200 |        43,560 |        70,400 |        12,364 |
  |             74 |        70,400 |        18,978 |       211,200 |        50,173 |       211,200 |        43,560 |        70,400 |        12,364 |
  |             75 |        70,400 |        17,644 |       211,200 |        46,252 |       211,200 |        39,719 |        70,400 |        11,110 |
  |             75 |        70,400 |        17,644 |       211,200 |        46,252 |       211,200 |        39,719 |        70,400 |        11,110 |
  |             76 |        71,500 |        15,026 |       213,400 |        39,587 |       212,300 |        34,242 |        70,400 |         9,680 |
  |             76 |        71,500 |        15,026 |       213,400 |        39,587 |       212,300 |        34,242 |        70,400 |         9,680 |
  |             77 |        69,300 |        17,226 |       207,900 |        45,087 |       207,900 |        38,642 |        69,300 |        10,780 |
  |             77 |        69,300 |        17,226 |       207,900 |        45,087 |       207,900 |        38,642 |        69,300 |        10,780 |
  |             78 |        70,400 |        17,437 |       211,200 |        45,640 |       211,200 |        39,116 |        70,400 |        10,912 |
  |             78 |        70,400 |        17,437 |       211,200 |        45,640 |       211,200 |        39,116 |        70,400 |        10,912 |
  |             79 |        70,400 |        16,126 |       211,200 |        41,787 |       211,200 |        35,342 |        70,400 |         9,680 |
  |             79 |        70,400 |        16,126 |       211,200 |        41,787 |       211,200 |        35,342 |        70,400 |         9,680 |
  |             80 |        72,800 |         9,964 |       215,980 |        25,844 |       213,580 |        21,921 |        70,400 |         6,040 |
  |             80 |        72,800 |         9,964 |       215,980 |        25,844 |       213,580 |        21,921 |        70,400 |         6,040 |
  |             81 |        70,560 |        12,204 |       210,420 |        31,404 |       209,160 |        26,341 |        69,300 |         7,140 |
  |             81 |        70,560 |        12,204 |       210,420 |        31,404 |       209,160 |        26,341 |        69,300 |         7,140 |
  |             82 |        71,680 |        12,338 |       213,760 |        31,747 |       212,480 |        26,626 |        70,400 |         7,216 |
  |             82 |        71,680 |        12,338 |       213,760 |        31,747 |       212,480 |        26,626 |        70,400 |         7,216 |
  |             83 |        71,680 |        11,084 |       213,760 |        28,064 |       212,480 |        23,021 |        70,400 |         6,040 |
  |             83 |        71,680 |        11,084 |       213,760 |        28,064 |       212,480 |        23,021 |        70,400 |         6,040 |
  |             84 |        71,500 |        12,716 |       213,400 |        32,692 |       212,300 |        27,382 |        70,400 |         7,405 |
  |             84 |        71,500 |        12,716 |       213,400 |        32,692 |       212,300 |        27,382 |        70,400 |         7,405 |
  |             85 |        69,300 |        14,916 |       207,900 |        38,192 |       207,900 |        31,782 |        69,300 |         8,505 |
  |             85 |        69,300 |        14,916 |       207,900 |        38,192 |       207,900 |        31,782 |        69,300 |         8,505 |
  |             86 |        70,400 |        15,092 |       211,200 |        38,640 |       211,200 |        32,151 |        70,400 |         8,602 |
  |             86 |        70,400 |        15,092 |       211,200 |        38,640 |       211,200 |        32,151 |        70,400 |         8,602 |
  |             87 |        70,400 |        13,816 |       211,200 |        34,892 |       211,200 |        28,482 |        70,400 |         7,405 |
  |             87 |        70,400 |        13,816 |       211,200 |        34,892 |       211,200 |        28,482 |        70,400 |         7,405 |
  |             88 |        71,500 |        12,716 |       213,400 |        32,692 |       212,300 |        27,382 |        70,400 |         7,405 |
  |             88 |        71,500 |        12,716 |       213,400 |        32,692 |       212,300 |        27,382 |        70,400 |         7,405 |
  |             89 |        69,300 |        14,916 |       207,900 |        38,192 |       207,900 |        31,782 |        69,300 |         8,505 |
  |             89 |        69,300 |        14,916 |       207,900 |        38,192 |       207,900 |        31,782 |        69,300 |         8,505 |
  |             90 |        70,400 |        15,092 |       211,200 |        38,640 |       211,200 |        32,151 |        70,400 |         8,602 |
  |             90 |        70,400 |        15,092 |       211,200 |        38,640 |       211,200 |        32,151 |        70,400 |         8,602 |
  |             91 |        70,400 |        13,816 |       211,200 |        34,892 |       211,200 |        28,482 |        70,400 |         7,405 |
  |             91 |        70,400 |        13,816 |       211,200 |        34,892 |       211,200 |        28,482 |        70,400 |         7,405 |
  |             92 |        71,500 |        11,264 |       213,400 |        28,424 |       212,300 |        23,201 |        70,400 |         6,040 |
  |             92 |        71,500 |        11,264 |       213,400 |        28,424 |       212,300 |        23,201 |        70,400 |         6,040 |
  |             93 |        69,300 |        13,464 |       207,900 |        33,924 |       207,900 |        27,601 |        69,300 |         7,140 |
  |             93 |        69,300 |        13,464 |       207,900 |        33,924 |       207,900 |        27,601 |        69,300 |         7,140 |
  |             94 |        70,400 |        13,618 |       211,200 |        34,307 |       211,200 |        27,906 |        70,400 |         7,216 |
  |             94 |        70,400 |        13,618 |       211,200 |        34,307 |       211,200 |        27,906 |        70,400 |         7,216 |
  |             95 |        70,400 |        12,364 |       211,200 |        30,624 |       211,200 |        24,301 |        70,400 |         6,040 |
  |             95 |        70,400 |        12,364 |       211,200 |        30,624 |       211,200 |        24,301 |        70,400 |         6,040 |
regionQuadrature: meshBodyName, meshLevelName, regionName, subRegionName = mesh1, Level0, Burden, overburdenBlock
mesh1/Level0/Burden/overburdenBlock/fluid allocated 8 quadrature points
mesh1/Level0/Burden/overburdenBlock/porousRockBurdens allocated 8 quadrature points
mesh1/Level0/Burden/overburdenBlock/relperm allocated 8 quadrature points
regionQuadrature: meshBodyName, meshLevelName, regionName, subRegionName = mesh1, Level0, Burden, underburdenBlock
mesh1/Level0/Burden/underburdenBlock/fluid allocated 8 quadrature points
mesh1/Level0/Burden/underburdenBlock/porousRockBurdens allocated 8 quadrature points
mesh1/Level0/Burden/underburdenBlock/relperm allocated 8 quadrature points
regionQuadrature: meshBodyName, meshLevelName, regionName, subRegionName = mesh1, Level0, Reservoir, reservoirBlock
mesh1/Level0/Reservoir/reservoirBlock/fluid allocated 8 quadrature points
mesh1/Level0/Reservoir/reservoirBlock/porousRockReservoir allocated 8 quadrature points
mesh1/Level0/Reservoir/reservoirBlock/relperm allocated 8 quadrature points
mesh1: importing field data from mesh dataset
   TableFunction: equil_underburdenBlock_water_table
   TableFunction: equil_overburdenBlock_water_table
   TableFunction: equil_reservoirBlock_water_table

------------------------- TIMESTEP START -------------------------
    - Time:       -(3168y, 319d, 04h01m04s) out of 1d, 00h00m00s (0% completed)
                  (-100000000000 s / 86400 s)
    - Delta Time: 3168y, 319d, 04h01m04s (100000000000 s)
    - Cycle:      0
--------------------------------------------------------------------

Time: -1.00e+11 s, dt: 100000000000 s, Cycle: 0

Task `equilStep`: at time -100000000000s, physics solver `PoromechanicsSolver` is set to perform stress initialization during the next time step(s)
Task `equilStep`: at time -100000000000s, physics solver `mechanicsSolver` is resetting total displacement and velocity to zero
    Attempt:  0, ConfigurationIter:  0, NewtonIter:  0
        ( Rflow ) = ( 0.00e+00 )        ( Rsolid ) = ( 2.80e+02 )        ( R ) = ( 2.80e+02 )
        MGR preconditioner: numComponentsPerField = [3, 3]
        Linear Solver | Success | Iterations: 12 | Final Rel Res: 7.58176e-05 | Make Restrictor Time: 0.120435 | Compute Auu Time: 1.20153 | SC Filter Time: 0.429376 | Setup Time: 9.79214 s | Solve Time: 13.7761 s
        Last LinSolve(iter,res) = (  12, 7.58e-05 )
        twoPhaseFlow: Max pressure change = 0.000 Pa (before scaling)
        twoPhaseFlow: Max component density change = 0.000 kg/m3 (before scaling)
        PoromechanicsSolver: Global solution scaling factor = 1
        PoromechanicsSolver: Max phase volume fraction change = 0.0000
    Attempt:  0, ConfigurationIter:  0, NewtonIter:  1
        ( Rflow ) = ( 0.00e+00 )        ( Rsolid ) = ( 1.96e-02 )        ( R ) = ( 1.96e-02 )
        MGR preconditioner: numComponentsPerField = [3, 3]
        Linear Solver | Success | Iterations: 15 | Final Rel Res: 4.695e-05 | Make Restrictor Time: 0.120133 | Compute Auu Time: 1.19055 | SC Filter Time: 0.425666 | Setup Time: 9.72763 s | Solve Time: 17.064 s
        Last LinSolve(iter,res) = (  15, 4.69e-05 )
        twoPhaseFlow: Max pressure change = 0.000 Pa (before scaling)
        twoPhaseFlow: Max component density change = 0.000 kg/m3 (before scaling)
        PoromechanicsSolver: Global solution scaling factor = 1
        PoromechanicsSolver: Max phase volume fraction change = 0.0000
    Attempt:  0, ConfigurationIter:  0, NewtonIter:  2
        ( Rflow ) = ( 0.00e+00 )        ( Rsolid ) = ( 9.20e-07 )        ( R ) = ( 9.20e-07 )
twoPhaseFlow: max relative pressure change during time step = 0.000 %
twoPhaseFlow: max absolute phase volume fraction change during time step = 0.000
PoromechanicsSolver: time-step required will be increased based on number of iterations.
Task `equilStep`: at time 0s, physics solver `PoromechanicsSolver` has completed stress initialization
Task `equilStep`: at time -100000000000s, physics solver `mechanicsSolver` is resetting total displacement and velocity to zero

------------------------- TIMESTEP START -------------------------
    - Time:       00h00m00s out of 1d, 00h00m00s (100% completed)
                  (0 s / 86400 s)
    - Delta Time: 00h16m40s (1000 s)
    - Cycle:      1
--------------------------------------------------------------------

Time: 0.00e+00 s, dt: 1000 s, Cycle: 1

    Attempt:  0, ConfigurationIter:  0, NewtonIter:  0
        ( Rflow ) = ( 7.21e-02 )        ( Rsolid ) = ( 9.20e-07 )        ( R ) = ( 7.21e-02 )
        MGR preconditioner: numComponentsPerField = [3, 3]
        Linear Solver | Success | Iterations: 45 | Final Rel Res: 8.58465e-05 | Make Restrictor Time: 0.120145 | Compute Auu Time: 1.18464 | SC Filter Time: 0.425361 | Setup Time: 9.98484 s | Solve Time: 51.5766 s
        Last LinSolve(iter,res) = (  45, 8.58e-05 )
        twoPhaseFlow: Max pressure change = 498387.793 Pa (before scaling)
        twoPhaseFlow: Max component density change = 75.433 kg/m3 (before scaling)
        PoromechanicsSolver: Global solution scaling factor = 1
        PoromechanicsSolver: Max phase volume fraction change = 0.2010
    Attempt:  0, ConfigurationIter:  0, NewtonIter:  1
        ( Rflow ) = ( 1.61e-01 )        ( Rsolid ) = ( 3.27e-09 )        ( R ) = ( 1.61e-01 )
        MGR preconditioner: numComponentsPerField = [3, 3]
        Linear Solver | Success | Iterations: 48 | Final Rel Res: 8.15668e-05 | Make Restrictor Time: 0.120161 | Compute Auu Time: 1.17624 | SC Filter Time: 0.42584 | Setup Time: 10.0333 s | Solve Time: 55.2333 s
        Last LinSolve(iter,res) = (  48, 8.16e-05 )
        twoPhaseFlow: Max pressure change = 545464.736 Pa (before scaling)
        twoPhaseFlow: Max component density change = 57.164 kg/m3 (before scaling)
        PoromechanicsSolver: Global solution scaling factor = 1
        PoromechanicsSolver: Max phase volume fraction change = 0.1012
    Attempt:  0, ConfigurationIter:  0, NewtonIter:  2
        ( Rflow ) = ( 1.79e-02 )        ( Rsolid ) = ( 2.00e-08 )        ( R ) = ( 1.79e-02 )
        MGR preconditioner: numComponentsPerField = [3, 3]
        Linear Solver | Success | Iterations: 45 | Final Rel Res: 7.15397e-05 | Make Restrictor Time: 0.119393 | Compute Auu Time: 1.16901 | SC Filter Time: 0.426669 | Setup Time: 10.0594 s | Solve Time: 51.5569 s
        Last LinSolve(iter,res) = (  45, 7.15e-05 )
        twoPhaseFlow: Max pressure change = 253040.905 Pa (before scaling)
        twoPhaseFlow: Max component density change = 30.332 kg/m3 (before scaling)
        PoromechanicsSolver: Global solution scaling factor = 1
        PoromechanicsSolver: Max phase volume fraction change = 0.0295
    Attempt:  0, ConfigurationIter:  0, NewtonIter:  3
        ( Rflow ) = ( 4.62e-03 )        ( Rsolid ) = ( 2.79e-09 )        ( R ) = ( 4.62e-03 )
        MGR preconditioner: numComponentsPerField = [3, 3]
        Linear Solver | Success | Iterations: 45 | Final Rel Res: 7.4601e-05 | Make Restrictor Time: 0.119842 | Compute Auu Time: 1.16769 | SC Filter Time: 0.42781 | Setup Time: 10.0573 s | Solve Time: 51.8497 s
        Last LinSolve(iter,res) = (  45, 7.46e-05 )
        twoPhaseFlow: Max pressure change = 38293.830 Pa (before scaling)
        twoPhaseFlow: Max component density change = 6.377 kg/m3 (before scaling)
        PoromechanicsSolver: Global solution scaling factor = 1
        PoromechanicsSolver: Max phase volume fraction change = 0.0062
    Attempt:  0, ConfigurationIter:  0, NewtonIter:  4
        ( Rflow ) = ( 8.84e-05 )        ( Rsolid ) = ( 8.29e-11 )        ( R ) = ( 8.84e-05 )
twoPhaseFlow: max relative pressure change during time step = 12.276 %
twoPhaseFlow: max absolute phase volume fraction change during time step = 0.114
PoromechanicsSolver: time-step required will be increased based on state change.

------------------------- TIMESTEP START -------------------------
    - Time:       00h16m40s out of 1d, 00h00m00s (100% completed)
                  (1000 s / 86400 s)
    - Delta Time: 00h22m26s (1346.7509730859542 s)
    - Cycle:      2
--------------------------------------------------------------------

Time: 1.00e+03 s, dt: 1346.7509730859542 s, Cycle: 2

    Attempt:  0, ConfigurationIter:  0, NewtonIter:  0
        ( Rflow ) = ( 1.17e-01 )        ( Rsolid ) = ( 8.29e-11 )        ( R ) = ( 1.17e-01 )
        MGR preconditioner: numComponentsPerField = [3, 3]
        Linear Solver | Success | Iterations: 46 | Final Rel Res: 8.9769e-05 | Make Restrictor Time: 0.120293 | Compute Auu Time: 1.16335 | SC Filter Time: 0.424425 | Setup Time: 10.0204 s | Solve Time: 52.9971 s
        Last LinSolve(iter,res) = (  46, 8.98e-05 )
        twoPhaseFlow: Max pressure change = 138160.187 Pa (before scaling)
        twoPhaseFlow: Max component density change = 107.183 kg/m3 (before scaling)
        PoromechanicsSolver: Global solution scaling factor = 1
        PoromechanicsSolver: Max phase volume fraction change = 0.1065
    Attempt:  0, ConfigurationIter:  0, NewtonIter:  1
        ( Rflow ) = ( 6.86e-02 )        ( Rsolid ) = ( 5.26e-09 )        ( R ) = ( 6.86e-02 )
        MGR preconditioner: numComponentsPerField = [3, 3]
        Linear Solver | Success | Iterations: 47 | Final Rel Res: 8.23502e-05 | Make Restrictor Time: 0.12064 | Compute Auu Time: 1.1666 | SC Filter Time: 0.426259 | Setup Time: 10.0182 s | Solve Time: 54.2004 s
        Last LinSolve(iter,res) = (  47, 8.24e-05 )
        twoPhaseFlow: Max pressure change = 116936.518 Pa (before scaling)
        twoPhaseFlow: Max component density change = 43.431 kg/m3 (before scaling)
        PoromechanicsSolver: Global solution scaling factor = 1
        PoromechanicsSolver: Max phase volume fraction change = 0.0423
    Attempt:  0, ConfigurationIter:  0, NewtonIter:  2
        ( Rflow ) = ( 4.08e-03 )        ( Rsolid ) = ( 9.06e-10 )        ( R ) = ( 4.08e-03 )
        MGR preconditioner: numComponentsPerField = [3, 3]
        Linear Solver | Success | Iterations: 39 | Final Rel Res: 9.86994e-05 | Make Restrictor Time: 0.121933 | Compute Auu Time: 1.16123 | SC Filter Time: 0.427971 | Setup Time: 10.0355 s | Solve Time: 44.7175 s
        Last LinSolve(iter,res) = (  39, 9.87e-05 )
        twoPhaseFlow: Max pressure change = 6961.695 Pa (before scaling)
        twoPhaseFlow: Max component density change = 1.810 kg/m3 (before scaling)
        PoromechanicsSolver: Global solution scaling factor = 1
        PoromechanicsSolver: Max phase volume fraction change = 0.0018
    Attempt:  0, ConfigurationIter:  0, NewtonIter:  3
        ( Rflow ) = ( 7.38e-06 )        ( Rsolid ) = ( 1.55e-11 )        ( R ) = ( 7.38e-06 )
twoPhaseFlow: max relative pressure change during time step = 1.100 %
twoPhaseFlow: max absolute phase volume fraction change during time step = 0.109
PoromechanicsSolver: time-step required will be increased based on state change.

------------------------- TIMESTEP START -------------------------
    - Time:       00h39m06s out of 1d, 00h00m00s (100% completed)
                  (2346.7509730859542 s / 86400 s)
    - Delta Time: 00h32m09s (1929.4748994229096 s)
    - Cycle:      3
--------------------------------------------------------------------

Time: 2.35e+03 s, dt: 1929.4748994229096 s, Cycle: 3

    Attempt:  0, ConfigurationIter:  0, NewtonIter:  0
        ( Rflow ) = ( 1.40e-01 )        ( Rsolid ) = ( 1.55e-11 )        ( R ) = ( 1.40e-01 )
        MGR preconditioner: numComponentsPerField = [3, 3]
        Linear Solver | Success | Iterations: 48 | Final Rel Res: 7.72115e-05 | Make Restrictor Time: 0.12137 | Compute Auu Time: 1.15807 | SC Filter Time: 0.426023 | Setup Time: 10.0183 s | Solve Time: 55.3616 s
        Last LinSolve(iter,res) = (  48, 7.72e-05 )
        twoPhaseFlow: Max pressure change = 683213.582 Pa (before scaling)
        twoPhaseFlow: Max component density change = 161.891 kg/m3 (before scaling)
        PoromechanicsSolver: Global solution scaling factor = 1
        PoromechanicsSolver: Max phase volume fraction change = 0.1578
    Attempt:  0, ConfigurationIter:  0, NewtonIter:  1
        ( Rflow ) = ( 9.85e-02 )        ( Rsolid ) = ( 6.38e-08 )        ( R ) = ( 9.85e-02 )
        MGR preconditioner: numComponentsPerField = [3, 3]
        Linear Solver | Success | Iterations: 43 | Final Rel Res: 9.37162e-05 | Make Restrictor Time: 0.120484 | Compute Auu Time: 1.15725 | SC Filter Time: 0.426621 | Setup Time: 10.0468 s | Solve Time: 49.2664 s
        Last LinSolve(iter,res) = (  43, 9.37e-05 )
        twoPhaseFlow: Max pressure change = 197088.235 Pa (before scaling)
        twoPhaseFlow: Max component density change = 65.513 kg/m3 (before scaling)
        PoromechanicsSolver: Global solution scaling factor = 1
        PoromechanicsSolver: Max phase volume fraction change = 0.0639
    Attempt:  0, ConfigurationIter:  0, NewtonIter:  2
        ( Rflow ) = ( 1.06e-02 )        ( Rsolid ) = ( 4.18e-09 )        ( R ) = ( 1.06e-02 )
        MGR preconditioner: numComponentsPerField = [3, 3]
        Linear Solver | Success | Iterations: 44 | Final Rel Res: 9.4618e-05 | Make Restrictor Time: 0.120853 | Compute Auu Time: 1.15778 | SC Filter Time: 0.428613 | Setup Time: 10.0123 s | Solve Time: 50.5461 s
        Last LinSolve(iter,res) = (  44, 9.46e-05 )
        twoPhaseFlow: Max pressure change = 40010.085 Pa (before scaling)
        twoPhaseFlow: Max component density change = 9.497 kg/m3 (before scaling)
        PoromechanicsSolver: Global solution scaling factor = 1
        PoromechanicsSolver: Max phase volume fraction change = 0.0093
    Attempt:  0, ConfigurationIter:  0, NewtonIter:  3
        ( Rflow ) = ( 1.99e-04 )        ( Rsolid ) = ( 1.46e-10 )        ( R ) = ( 1.99e-04 )
twoPhaseFlow: max relative pressure change during time step = 4.104 %
twoPhaseFlow: max absolute phase volume fraction change during time step = 0.105
PoromechanicsSolver: time-step required will be increased based on state change.

------------------------- TIMESTEP START -------------------------
    - Time:       01h11m16s out of 1d, 00h00m00s (100% completed)
                  (4276.225872508864 s / 86400 s)
    - Delta Time: 00h47m06s (2826.406592335926 s)
    - Cycle:      4
--------------------------------------------------------------------

Time: 4.28e+03 s, dt: 2826.406592335926 s, Cycle: 4

    Attempt:  0, ConfigurationIter:  0, NewtonIter:  0
        ( Rflow ) = ( 1.28e-01 )        ( Rsolid ) = ( 1.46e-10 )        ( R ) = ( 1.28e-01 )
        MGR preconditioner: numComponentsPerField = [3, 3]
        Linear Solver | Success | Iterations: 46 | Final Rel Res: 6.9469e-05 | Make Restrictor Time: 0.120187 | Compute Auu Time: 1.15419 | SC Filter Time: 0.4276 | Setup Time: 9.98943 s | Solve Time: 52.9609 s
        Last LinSolve(iter,res) = (  46, 6.95e-05 )
        twoPhaseFlow: Max pressure change = 309959.727 Pa (before scaling)
        twoPhaseFlow: Max component density change = 192.193 kg/m3 (before scaling)
        PoromechanicsSolver: Global solution scaling factor = 1
        PoromechanicsSolver: Max phase volume fraction change = 0.1875
    Attempt:  0, ConfigurationIter:  0, NewtonIter:  1
        ( Rflow ) = ( 1.07e-01 )        ( Rsolid ) = ( 2.07e-08 )        ( R ) = ( 1.07e-01 )
        MGR preconditioner: numComponentsPerField = [3, 3]
        Linear Solver | Success | Iterations: 44 | Final Rel Res: 8.92138e-05 | Make Restrictor Time: 0.120122 | Compute Auu Time: 1.15917 | SC Filter Time: 0.425979 | Setup Time: 10.031 s | Solve Time: 50.474 s
        Last LinSolve(iter,res) = (  44, 8.92e-05 )
        twoPhaseFlow: Max pressure change = 107911.436 Pa (before scaling)
        twoPhaseFlow: Max component density change = 70.299 kg/m3 (before scaling)
        PoromechanicsSolver: Global solution scaling factor = 1
        PoromechanicsSolver: Max phase volume fraction change = 0.0686
    Attempt:  0, ConfigurationIter:  0, NewtonIter:  2
        ( Rflow ) = ( 1.22e-02 )        ( Rsolid ) = ( 2.13e-09 )        ( R ) = ( 1.22e-02 )
        MGR preconditioner: numComponentsPerField = [3, 3]
        Linear Solver | Success | Iterations: 40 | Final Rel Res: 8.75541e-05 | Make Restrictor Time: 0.119498 | Compute Auu Time: 1.15965 | SC Filter Time: 0.425893 | Setup Time: 10.0046 s | Solve Time: 45.7849 s
        Last LinSolve(iter,res) = (  40, 8.76e-05 )
        twoPhaseFlow: Max pressure change = 8600.712 Pa (before scaling)
        twoPhaseFlow: Max component density change = 11.582 kg/m3 (before scaling)
        PoromechanicsSolver: Global solution scaling factor = 1
        PoromechanicsSolver: Max phase volume fraction change = 0.0114
    Attempt:  0, ConfigurationIter:  0, NewtonIter:  3
        ( Rflow ) = ( 2.47e-04 )        ( Rsolid ) = ( 5.54e-11 )        ( R ) = ( 2.47e-04 )
twoPhaseFlow: max relative pressure change during time step = 1.915 %
twoPhaseFlow: max absolute phase volume fraction change during time step = 0.108
PoromechanicsSolver: time-step required will be increased based on state change.

------------------------- TIMESTEP START -------------------------
    - Time:       01h58m22s out of 1d, 00h00m00s (100% completed)
                  (7102.63246484479 s / 86400 s)
    - Delta Time: 01h08m04s (4084.1899390725066 s)
    - Cycle:      5
--------------------------------------------------------------------

Time: 7.10e+03 s, dt: 4084.1899390725066 s, Cycle: 5

    Attempt:  0, ConfigurationIter:  0, NewtonIter:  0
        ( Rflow ) = ( 1.28e-01 )        ( Rsolid ) = ( 5.54e-11 )        ( R ) = ( 1.28e-01 )
        MGR preconditioner: numComponentsPerField = [3, 3]
        Linear Solver | Success | Iterations: 47 | Final Rel Res: 8.23941e-05 | Make Restrictor Time: 0.120552 | Compute Auu Time: 1.15527 | SC Filter Time: 0.4269 | Setup Time: 10.0164 s | Solve Time: 54.163 s
        Last LinSolve(iter,res) = (  47, 8.24e-05 )
        twoPhaseFlow: Max pressure change = 209726.476 Pa (before scaling)
        twoPhaseFlow: Max component density change = 159.096 kg/m3 (before scaling)
        PoromechanicsSolver: Global solution scaling factor = 1
        PoromechanicsSolver: Max phase volume fraction change = 0.1552
    Attempt:  0, ConfigurationIter:  0, NewtonIter:  1
        ( Rflow ) = ( 1.14e-01 )        ( Rsolid ) = ( 1.95e-08 )        ( R ) = ( 1.14e-01 )
        MGR preconditioner: numComponentsPerField = [3, 3]
        Linear Solver | Success | Iterations: 43 | Final Rel Res: 8.53162e-05 | Make Restrictor Time: 0.120648 | Compute Auu Time: 1.15618 | SC Filter Time: 0.426887 | Setup Time: 10.0341 s | Solve Time: 49.4385 s
        Last LinSolve(iter,res) = (  43, 8.53e-05 )
        twoPhaseFlow: Max pressure change = 96590.476 Pa (before scaling)
        twoPhaseFlow: Max component density change = 61.386 kg/m3 (before scaling)
        PoromechanicsSolver: Global solution scaling factor = 1
        PoromechanicsSolver: Max phase volume fraction change = 0.0618
    Attempt:  0, ConfigurationIter:  0, NewtonIter:  2
        ( Rflow ) = ( 9.96e-03 )        ( Rsolid ) = ( 4.06e-09 )        ( R ) = ( 9.96e-03 )
        MGR preconditioner: numComponentsPerField = [3, 3]
        Linear Solver | Success | Iterations: 45 | Final Rel Res: 6.61673e-05 | Make Restrictor Time: 0.119866 | Compute Auu Time: 1.16003 | SC Filter Time: 0.424876 | Setup Time: 10.01 s | Solve Time: 51.8596 s
        Last LinSolve(iter,res) = (  45, 6.62e-05 )
        twoPhaseFlow: Max pressure change = 21309.354 Pa (before scaling)
        twoPhaseFlow: Max component density change = 10.351 kg/m3 (before scaling)
        PoromechanicsSolver: Global solution scaling factor = 1
        PoromechanicsSolver: Max phase volume fraction change = 0.0101
    Attempt:  0, ConfigurationIter:  0, NewtonIter:  3
        ( Rflow ) = ( 1.28e-03 )        ( Rsolid ) = ( 1.47e-10 )        ( R ) = ( 1.28e-03 )
        MGR preconditioner: numComponentsPerField = [3, 3]
        Linear Solver | Success | Iterations: 44 | Final Rel Res: 6.27819e-05 | Make Restrictor Time: 0.12076 | Compute Auu Time: 1.15869 | SC Filter Time: 0.426375 | Setup Time: 10.0275 s | Solve Time: 50.4781 s
        Last LinSolve(iter,res) = (  44, 6.28e-05 )
        twoPhaseFlow: Max pressure change = 2614.564 Pa (before scaling)
        twoPhaseFlow: Max component density change = 2.005 kg/m3 (before scaling)
        PoromechanicsSolver: Global solution scaling factor = 1
        PoromechanicsSolver: Max phase volume fraction change = 0.0020
    Attempt:  0, ConfigurationIter:  0, NewtonIter:  4
        ( Rflow ) = ( 5.96e-06 )        ( Rsolid ) = ( 8.80e-12 )        ( R ) = ( 5.96e-06 )
twoPhaseFlow: max relative pressure change during time step = 1.633 %
twoPhaseFlow: max absolute phase volume fraction change during time step = 0.100
PoromechanicsSolver: time-step required will be increased based on state change.

------------------------- TIMESTEP START -------------------------
    - Time:       03h06m26s out of 1d, 00h00m00s (100% completed)
                  (11186.822403917296 s / 86400 s)
    - Delta Time: 01h42m01s (6121.1802538874035 s)
    - Cycle:      6
--------------------------------------------------------------------

Time: 1.12e+04 s, dt: 6121.1802538874035 s, Cycle: 6

    Attempt:  0, ConfigurationIter:  0, NewtonIter:  0
        ( Rflow ) = ( 1.21e-01 )        ( Rsolid ) = ( 8.80e-12 )        ( R ) = ( 1.21e-01 )
        MGR preconditioner: numComponentsPerField = [3, 3]
        Linear Solver | Success | Iterations: 45 | Final Rel Res: 8.42728e-05 | Make Restrictor Time: 0.119862 | Compute Auu Time: 1.15723 | SC Filter Time: 0.426226 | Setup Time: 10.0217 s | Solve Time: 51.8616 s
        Last LinSolve(iter,res) = (  45, 8.43e-05 )
        twoPhaseFlow: Max pressure change = 280035.469 Pa (before scaling)
        twoPhaseFlow: Max component density change = 201.085 kg/m3 (before scaling)
        PoromechanicsSolver: Global solution scaling factor = 1
        PoromechanicsSolver: Max phase volume fraction change = 0.1998
    Attempt:  0, ConfigurationIter:  0, NewtonIter:  1
        ( Rflow ) = ( 1.59e-01 )        ( Rsolid ) = ( 2.83e-08 )        ( R ) = ( 1.59e-01 )
        MGR preconditioner: numComponentsPerField = [3, 3]
        Linear Solver | Success | Iterations: 47 | Final Rel Res: 7.4481e-05 | Make Restrictor Time: 0.12054 | Compute Auu Time: 1.16182 | SC Filter Time: 0.426588 | Setup Time: 9.9967 s | Solve Time: 54.1972 s
        Last LinSolve(iter,res) = (  47, 7.45e-05 )
        twoPhaseFlow: Max pressure change = 189731.868 Pa (before scaling)
        twoPhaseFlow: Max component density change = 71.358 kg/m3 (before scaling)
        PoromechanicsSolver: Global solution scaling factor = 1
        PoromechanicsSolver: Max phase volume fraction change = 0.0969
    Attempt:  0, ConfigurationIter:  0, NewtonIter:  2
        ( Rflow ) = ( 2.70e-02 )        ( Rsolid ) = ( 1.05e-08 )        ( R ) = ( 2.70e-02 )
        MGR preconditioner: numComponentsPerField = [3, 3]
        Linear Solver | Success | Iterations: 41 | Final Rel Res: 7.61698e-05 | Make Restrictor Time: 0.119984 | Compute Auu Time: 1.16062 | SC Filter Time: 0.426985 | Setup Time: 9.99339 s | Solve Time: 47.0978 s
        Last LinSolve(iter,res) = (  41, 7.62e-05 )
        twoPhaseFlow: Max pressure change = 12795.900 Pa (before scaling)
        twoPhaseFlow: Max component density change = 24.489 kg/m3 (before scaling)
        PoromechanicsSolver: Global solution scaling factor = 1
        PoromechanicsSolver: Max phase volume fraction change = 0.0239
    Attempt:  0, ConfigurationIter:  0, NewtonIter:  3
        ( Rflow ) = ( 9.44e-04 )        ( Rsolid ) = ( 1.78e-10 )        ( R ) = ( 9.44e-04 )
twoPhaseFlow: max relative pressure change during time step = 0.940 %
twoPhaseFlow: max absolute phase volume fraction change during time step = 0.112
PoromechanicsSolver: time-step required will be increased based on state change.

------------------------- TIMESTEP START -------------------------
    - Time:       04h48m28s out of 1d, 00h00m00s (100% completed)
                  (17308.0026578047 s / 86400 s)
    - Delta Time: 02h24m03s (8643.288064489543 s)
    - Cycle:      7
--------------------------------------------------------------------

Time: 1.73e+04 s, dt: 8643.288064489543 s, Cycle: 7

    Attempt:  0, ConfigurationIter:  0, NewtonIter:  0
        ( Rflow ) = ( 1.30e-01 )        ( Rsolid ) = ( 1.78e-10 )        ( R ) = ( 1.30e-01 )
        MGR preconditioner: numComponentsPerField = [3, 3]
        Linear Solver | Success | Iterations: 49 | Final Rel Res: 6.95333e-05 | Make Restrictor Time: 0.120225 | Compute Auu Time: 1.16096 | SC Filter Time: 0.430169 | Setup Time: 9.97702 s | Solve Time: 56.4599 s
        Last LinSolve(iter,res) = (  49, 6.95e-05 )
        twoPhaseFlow: Max pressure change = 92178.208 Pa (before scaling)
        twoPhaseFlow: Max component density change = 264.293 kg/m3 (before scaling)
        PoromechanicsSolver: Global solution scaling factor = 1
        PoromechanicsSolver: Max phase volume fraction change = 0.2578
    Attempt:  0, ConfigurationIter:  0, NewtonIter:  1
        ( Rflow ) = ( 3.12e-01 )        ( Rsolid ) = ( 8.02e-09 )        ( R ) = ( 3.12e-01 )
        MGR preconditioner: numComponentsPerField = [3, 3]
        Linear Solver | Success | Iterations: 37 | Final Rel Res: 8.69682e-05 | Make Restrictor Time: 0.120735 | Compute Auu Time: 1.15802 | SC Filter Time: 0.427056 | Setup Time: 10.0192 s | Solve Time: 42.516 s
        Last LinSolve(iter,res) = (  37, 8.70e-05 )
        twoPhaseFlow: Max pressure change = 36475.342 Pa (before scaling)
        twoPhaseFlow: Max component density change = 109.164 kg/m3 (before scaling)
        PoromechanicsSolver: Global solution scaling factor = 1
        PoromechanicsSolver: Max phase volume fraction change = 0.1065
    Attempt:  0, ConfigurationIter:  0, NewtonIter:  2
        ( Rflow ) = ( 6.20e-02 )        ( Rsolid ) = ( 3.60e-09 )        ( R ) = ( 6.20e-02 )
        MGR preconditioner: numComponentsPerField = [3, 3]
        Linear Solver | Success | Iterations: 40 | Final Rel Res: 9.71491e-05 | Make Restrictor Time: 0.120584 | Compute Auu Time: 1.15887 | SC Filter Time: 0.42745 | Setup Time: 10.004 s | Solve Time: 45.9099 s
        Last LinSolve(iter,res) = (  40, 9.71e-05 )
        twoPhaseFlow: Max pressure change = 13094.985 Pa (before scaling)
        twoPhaseFlow: Max component density change = 46.281 kg/m3 (before scaling)
        PoromechanicsSolver: Global solution scaling factor = 1
        PoromechanicsSolver: Max phase volume fraction change = 0.0451
    Attempt:  0, ConfigurationIter:  0, NewtonIter:  3
        ( Rflow ) = ( 7.47e-03 )        ( Rsolid ) = ( 7.03e-10 )        ( R ) = ( 7.47e-03 )
        MGR preconditioner: numComponentsPerField = [3, 3]
        Linear Solver | Success | Iterations: 39 | Final Rel Res: 9.45699e-05 | Make Restrictor Time: 0.120376 | Compute Auu Time: 1.15795 | SC Filter Time: 0.426969 | Setup Time: 10.009 s | Solve Time: 44.7823 s
        Last LinSolve(iter,res) = (  39, 9.46e-05 )
        twoPhaseFlow: Max pressure change = 1951.415 Pa (before scaling)
        twoPhaseFlow: Max component density change = 6.441 kg/m3 (before scaling)
        PoromechanicsSolver: Global solution scaling factor = 1
        PoromechanicsSolver: Max phase volume fraction change = 0.0063
    Attempt:  0, ConfigurationIter:  0, NewtonIter:  4
        ( Rflow ) = ( 8.74e-05 )        ( Rsolid ) = ( 8.10e-11 )        ( R ) = ( 8.74e-05 )
twoPhaseFlow: max relative pressure change during time step = 0.825 %
twoPhaseFlow: max absolute phase volume fraction change during time step = 0.110
PoromechanicsSolver: time-step required will be increased based on state change.

------------------------- TIMESTEP START -------------------------
    - Time:       07h12m31s out of 1d, 00h00m00s (100% completed)
                  (25951.290722294245 s / 86400 s)
    - Delta Time: 03h26m02s (12362.785445453155 s)
    - Cycle:      8
--------------------------------------------------------------------

Time: 2.60e+04 s, dt: 12362.785445453155 s, Cycle: 8

    Attempt:  0, ConfigurationIter:  0, NewtonIter:  0
        ( Rflow ) = ( 1.31e-01 )        ( Rsolid ) = ( 8.10e-11 )        ( R ) = ( 1.31e-01 )
        MGR preconditioner: numComponentsPerField = [3, 3]
        Linear Solver | Success | Iterations: 46 | Final Rel Res: 8.48577e-05 | Make Restrictor Time: 0.120168 | Compute Auu Time: 1.15592 | SC Filter Time: 0.426033 | Setup Time: 10.0118 s | Solve Time: 52.89 s
        Last LinSolve(iter,res) = (  46, 8.49e-05 )
        twoPhaseFlow: Max pressure change = 70804.323 Pa (before scaling)
        twoPhaseFlow: Max component density change = 281.706 kg/m3 (before scaling)
        PoromechanicsSolver: Global solution scaling factor = 1
        PoromechanicsSolver: Max phase volume fraction change = 0.2748
    Attempt:  0, ConfigurationIter:  0, NewtonIter:  1
        ( Rflow ) = ( 3.68e-01 )        ( Rsolid ) = ( 8.41e-09 )        ( R ) = ( 3.68e-01 )
        MGR preconditioner: numComponentsPerField = [3, 3]
        Linear Solver | Success | Iterations: 42 | Final Rel Res: 7.62556e-05 | Make Restrictor Time: 0.120431 | Compute Auu Time: 1.15653 | SC Filter Time: 0.426862 | Setup Time: 10.0074 s | Solve Time: 48.3388 s
        Last LinSolve(iter,res) = (  42, 7.63e-05 )
        twoPhaseFlow: Max pressure change = 59647.359 Pa (before scaling)
        twoPhaseFlow: Max component density change = 121.245 kg/m3 (before scaling)
        PoromechanicsSolver: Global solution scaling factor = 1
        PoromechanicsSolver: Max phase volume fraction change = 0.1196
    Attempt:  0, ConfigurationIter:  0, NewtonIter:  2
        ( Rflow ) = ( 6.94e-02 )        ( Rsolid ) = ( 6.07e-09 )        ( R ) = ( 6.94e-02 )
        MGR preconditioner: numComponentsPerField = [3, 3]
        Linear Solver | Success | Iterations: 41 | Final Rel Res: 8.4465e-05 | Make Restrictor Time: 0.120245 | Compute Auu Time: 1.15843 | SC Filter Time: 0.425934 | Setup Time: 10.0053 s | Solve Time: 47.1035 s
        Last LinSolve(iter,res) = (  41, 8.45e-05 )
        twoPhaseFlow: Max pressure change = 22857.930 Pa (before scaling)
        twoPhaseFlow: Max component density change = 49.389 kg/m3 (before scaling)
        PoromechanicsSolver: Global solution scaling factor = 1
        PoromechanicsSolver: Max phase volume fraction change = 0.0482
    Attempt:  0, ConfigurationIter:  0, NewtonIter:  3
        ( Rflow ) = ( 1.26e-02 )        ( Rsolid ) = ( 8.83e-10 )        ( R ) = ( 1.26e-02 )
        MGR preconditioner: numComponentsPerField = [3, 3]
        Linear Solver | Success | Iterations: 44 | Final Rel Res: 8.93366e-05 | Make Restrictor Time: 0.120378 | Compute Auu Time: 1.15854 | SC Filter Time: 0.426552 | Setup Time: 10.0155 s | Solve Time: 50.7462 s
        Last LinSolve(iter,res) = (  44, 8.93e-05 )
        twoPhaseFlow: Max pressure change = 6468.272 Pa (before scaling)
        twoPhaseFlow: Max component density change = 14.935 kg/m3 (before scaling)
        PoromechanicsSolver: Global solution scaling factor = 1
        PoromechanicsSolver: Max phase volume fraction change = 0.0146
    Attempt:  0, ConfigurationIter:  0, NewtonIter:  4
        ( Rflow ) = ( 2.80e-04 )        ( Rsolid ) = ( 9.43e-11 )        ( R ) = ( 2.80e-04 )
twoPhaseFlow: max relative pressure change during time step = 0.566 %
twoPhaseFlow: max absolute phase volume fraction change during time step = 0.113
PoromechanicsSolver: time-step required will be increased based on state change.

------------------------- TIMESTEP START -------------------------
    - Time:       10h38m34s out of 1d, 00h00m00s (100% completed)
                  (38314.0761677474 s / 86400 s)
    - Delta Time: 04h50m01s (17401.780497664677 s)
    - Cycle:      9
--------------------------------------------------------------------

Time: 3.83e+04 s, dt: 17401.780497664677 s, Cycle: 9

    Attempt:  0, ConfigurationIter:  0, NewtonIter:  0
        ( Rflow ) = ( 1.32e-01 )        ( Rsolid ) = ( 9.43e-11 )        ( R ) = ( 1.32e-01 )
        MGR preconditioner: numComponentsPerField = [3, 3]
        Linear Solver | Success | Iterations: 46 | Final Rel Res: 6.10339e-05 | Make Restrictor Time: 0.120661 | Compute Auu Time: 1.15841 | SC Filter Time: 0.430112 | Setup Time: 10.0179 s | Solve Time: 53.0123 s
        Last LinSolve(iter,res) = (  46, 6.10e-05 )
        twoPhaseFlow: Max pressure change = 138825.121 Pa (before scaling)
        twoPhaseFlow: Max component density change = 315.506 kg/m3 (before scaling)
        PoromechanicsSolver: Global solution scaling factor = 1
        PoromechanicsSolver: Max phase volume fraction change = 0.3083
    Attempt:  0, ConfigurationIter:  0, NewtonIter:  1
        ( Rflow ) = ( 6.19e-01 )        ( Rsolid ) = ( 2.21e-08 )        ( R ) = ( 6.19e-01 )
        MGR preconditioner: numComponentsPerField = [3, 3]
        Linear Solver | Success | Iterations: 45 | Final Rel Res: 7.7668e-05 | Make Restrictor Time: 0.121005 | Compute Auu Time: 1.158 | SC Filter Time: 0.426872 | Setup Time: 10.0323 s | Solve Time: 51.8071 s
        Last LinSolve(iter,res) = (  45, 7.77e-05 )
        twoPhaseFlow: Max pressure change = 92887.804 Pa (before scaling)
        twoPhaseFlow: Max component density change = 140.063 kg/m3 (before scaling)
        PoromechanicsSolver: Global solution scaling factor = 1
        PoromechanicsSolver: Max phase volume fraction change = 0.1367
    Attempt:  0, ConfigurationIter:  0, NewtonIter:  2
        ( Rflow ) = ( 1.39e-01 )        ( Rsolid ) = ( 1.14e-08 )        ( R ) = ( 1.39e-01 )
        MGR preconditioner: numComponentsPerField = [3, 3]
        Linear Solver | Success | Iterations: 35 | Final Rel Res: 9.54345e-05 | Make Restrictor Time: 0.1205 | Compute Auu Time: 1.15572 | SC Filter Time: 0.426563 | Setup Time: 10.0336 s | Solve Time: 40.1679 s
        Last LinSolve(iter,res) = (  35, 9.54e-05 )
        twoPhaseFlow: Max pressure change = 8611.063 Pa (before scaling)
        twoPhaseFlow: Max component density change = 57.631 kg/m3 (before scaling)
        PoromechanicsSolver: Global solution scaling factor = 1
        PoromechanicsSolver: Max phase volume fraction change = 0.0574
    Attempt:  0, ConfigurationIter:  0, NewtonIter:  3
        ( Rflow ) = ( 1.98e-02 )        ( Rsolid ) = ( 1.50e-09 )        ( R ) = ( 1.98e-02 )
        MGR preconditioner: numComponentsPerField = [3, 3]
        Linear Solver | Success | Iterations: 37 | Final Rel Res: 8.03687e-05 | Make Restrictor Time: 0.120363 | Compute Auu Time: 1.16092 | SC Filter Time: 0.426109 | Setup Time: 10.035 s | Solve Time: 42.472 s
        Last LinSolve(iter,res) = (  37, 8.04e-05 )
        twoPhaseFlow: Max pressure change = 1920.523 Pa (before scaling)
        twoPhaseFlow: Max component density change = 11.068 kg/m3 (before scaling)
        PoromechanicsSolver: Global solution scaling factor = 1
        PoromechanicsSolver: Max phase volume fraction change = 0.0108
    Attempt:  0, ConfigurationIter:  0, NewtonIter:  4
        ( Rflow ) = ( 2.36e-03 )        ( Rsolid ) = ( 1.63e-10 )        ( R ) = ( 2.36e-03 )
        MGR preconditioner: numComponentsPerField = [3, 3]
        Linear Solver | Success | Iterations: 35 | Final Rel Res: 9.47942e-05 | Make Restrictor Time: 0.120304 | Compute Auu Time: 1.15597 | SC Filter Time: 0.426274 | Setup Time: 10.0076 s | Solve Time: 40.1845 s
        Last LinSolve(iter,res) = (  35, 9.48e-05 )
        twoPhaseFlow: Max pressure change = 215.708 Pa (before scaling)
        twoPhaseFlow: Max component density change = 1.555 kg/m3 (before scaling)
        PoromechanicsSolver: Global solution scaling factor = 1
        PoromechanicsSolver: Max phase volume fraction change = 0.0015
    Attempt:  0, ConfigurationIter:  0, NewtonIter:  5
        ( Rflow ) = ( 7.29e-06 )        ( Rsolid ) = ( 1.41e-11 )        ( R ) = ( 7.29e-06 )
twoPhaseFlow: max relative pressure change during time step = 0.563 %
twoPhaseFlow: max absolute phase volume fraction change during time step = 0.116
PoromechanicsSolver: time-step required will be increased based on state change.

------------------------- TIMESTEP START -------------------------
    - Time:       15h28m35s out of 1d, 00h00m00s (100% completed)
                  (55715.85666541208 s / 86400 s)
    - Delta Time: 06h41m58s (24118.12303230958 s)
    - Cycle:      10
--------------------------------------------------------------------

Time: 5.57e+04 s, dt: 24118.12303230958 s, Cycle: 10

    Attempt:  0, ConfigurationIter:  0, NewtonIter:  0
        ( Rflow ) = ( 1.33e-01 )        ( Rsolid ) = ( 1.41e-11 )        ( R ) = ( 1.33e-01 )
        MGR preconditioner: numComponentsPerField = [3, 3]
        Linear Solver | Success | Iterations: 47 | Final Rel Res: 7.34904e-05 | Make Restrictor Time: 0.120383 | Compute Auu Time: 1.15829 | SC Filter Time: 0.426844 | Setup Time: 10.0252 s | Solve Time: 54.1131 s
        Last LinSolve(iter,res) = (  47, 7.35e-05 )
        twoPhaseFlow: Max pressure change = 131152.263 Pa (before scaling)
        twoPhaseFlow: Max component density change = 341.156 kg/m3 (before scaling)
        PoromechanicsSolver: Global solution scaling factor = 1
        PoromechanicsSolver: Max phase volume fraction change = 0.3329
    Attempt:  0, ConfigurationIter:  0, NewtonIter:  1
        ( Rflow ) = ( 7.74e-01 )        ( Rsolid ) = ( 2.45e-08 )        ( R ) = ( 7.74e-01 )
        MGR preconditioner: numComponentsPerField = [3, 3]
        Linear Solver | Success | Iterations: 41 | Final Rel Res: 9.28709e-05 | Make Restrictor Time: 0.120256 | Compute Auu Time: 1.1616 | SC Filter Time: 0.426639 | Setup Time: 10.0091 s | Solve Time: 47.2924 s
        Last LinSolve(iter,res) = (  41, 9.29e-05 )
        twoPhaseFlow: Max pressure change = 84810.103 Pa (before scaling)
        twoPhaseFlow: Max component density change = 151.700 kg/m3 (before scaling)
        PoromechanicsSolver: Global solution scaling factor = 1
        PoromechanicsSolver: Max phase volume fraction change = 0.1480
    Attempt:  0, ConfigurationIter:  0, NewtonIter:  2
        ( Rflow ) = ( 1.92e-01 )        ( Rsolid ) = ( 1.44e-08 )        ( R ) = ( 1.92e-01 )
        MGR preconditioner: numComponentsPerField = [3, 3]
        Linear Solver | Success | Iterations: 46 | Final Rel Res: 7.06782e-05 | Make Restrictor Time: 0.120404 | Compute Auu Time: 1.15766 | SC Filter Time: 0.428231 | Setup Time: 10.0101 s | Solve Time: 53.0872 s
        Last LinSolve(iter,res) = (  46, 7.07e-05 )
        twoPhaseFlow: Max pressure change = 15766.065 Pa (before scaling)
        twoPhaseFlow: Max component density change = 70.428 kg/m3 (before scaling)
        PoromechanicsSolver: Global solution scaling factor = 1
        PoromechanicsSolver: Max phase volume fraction change = 0.0698
    Attempt:  0, ConfigurationIter:  0, NewtonIter:  3
        ( Rflow ) = ( 2.68e-02 )        ( Rsolid ) = ( 1.67e-09 )        ( R ) = ( 2.68e-02 )
        MGR preconditioner: numComponentsPerField = [3, 3]
        Linear Solver | Success | Iterations: 41 | Final Rel Res: 7.04711e-05 | Make Restrictor Time: 0.120606 | Compute Auu Time: 1.15911 | SC Filter Time: 0.426475 | Setup Time: 10.028 s | Solve Time: 47.2398 s
        Last LinSolve(iter,res) = (  41, 7.05e-05 )
        twoPhaseFlow: Max pressure change = 1456.450 Pa (before scaling)
        twoPhaseFlow: Max component density change = 21.855 kg/m3 (before scaling)
        PoromechanicsSolver: Global solution scaling factor = 1
        PoromechanicsSolver: Max phase volume fraction change = 0.0213
    Attempt:  0, ConfigurationIter:  0, NewtonIter:  4
        ( Rflow ) = ( 2.68e-03 )        ( Rsolid ) = ( 2.15e-10 )        ( R ) = ( 2.68e-03 )
        MGR preconditioner: numComponentsPerField = [3, 3]
        Linear Solver | Success | Iterations: 40 | Final Rel Res: 9.98576e-05 | Make Restrictor Time: 0.12097 | Compute Auu Time: 1.15996 | SC Filter Time: 0.426851 | Setup Time: 10.0065 s | Solve Time: 46.065 s
        Last LinSolve(iter,res) = (  40, 9.99e-05 )
        twoPhaseFlow: Max pressure change = 308.840 Pa (before scaling)
        twoPhaseFlow: Max component density change = 3.116 kg/m3 (before scaling)
        PoromechanicsSolver: Global solution scaling factor = 1
        PoromechanicsSolver: Max phase volume fraction change = 0.0030
    Attempt:  0, ConfigurationIter:  0, NewtonIter:  5
        ( Rflow ) = ( 1.88e-04 )        ( Rsolid ) = ( 2.03e-11 )        ( R ) = ( 1.88e-04 )
twoPhaseFlow: max relative pressure change during time step = 0.499 %
twoPhaseFlow: max absolute phase volume fraction change during time step = 0.125
PoromechanicsSolver: time-step required will be increased based on state change.

------------------------- TIMESTEP START -------------------------
    - Time:       22h10m33s out of 1d, 00h00m00s (100% completed)
                  (79833.97969772166 s / 86400 s)
    - Delta Time: 01h49m26s (6566.020302278339 s)
    - Cycle:      11
--------------------------------------------------------------------

Time: 7.98e+04 s, dt: 6566.020302278339 s, Cycle: 11

    Attempt:  0, ConfigurationIter:  0, NewtonIter:  0
        ( Rflow ) = ( 2.86e-02 )        ( Rsolid ) = ( 2.03e-11 )        ( R ) = ( 2.86e-02 )
        MGR preconditioner: numComponentsPerField = [3, 3]
        Linear Solver | Success | Iterations: 47 | Final Rel Res: 7.58501e-05 | Make Restrictor Time: 0.121143 | Compute Auu Time: 1.15769 | SC Filter Time: 0.427083 | Setup Time: 9.99713 s | Solve Time: 54.1552 s
        Last LinSolve(iter,res) = (  47, 7.59e-05 )
        twoPhaseFlow: Max pressure change = 38944.532 Pa (before scaling)
        twoPhaseFlow: Max component density change = 52.556 kg/m3 (before scaling)
        PoromechanicsSolver: Global solution scaling factor = 1
        PoromechanicsSolver: Max phase volume fraction change = 0.0513
    Attempt:  0, ConfigurationIter:  0, NewtonIter:  1
        ( Rflow ) = ( 3.25e-02 )        ( Rsolid ) = ( 2.60e-09 )        ( R ) = ( 3.25e-02 )
        MGR preconditioner: numComponentsPerField = [3, 3]
        Linear Solver | Success | Iterations: 49 | Final Rel Res: 9.55641e-05 | Make Restrictor Time: 0.120982 | Compute Auu Time: 1.16136 | SC Filter Time: 0.429921 | Setup Time: 10.0081 s | Solve Time: 56.3909 s
        Last LinSolve(iter,res) = (  49, 9.56e-05 )
        twoPhaseFlow: Max pressure change = 16362.202 Pa (before scaling)
        twoPhaseFlow: Max component density change = 32.252 kg/m3 (before scaling)
        PoromechanicsSolver: Global solution scaling factor = 1
        PoromechanicsSolver: Max phase volume fraction change = 0.0315
    Attempt:  0, ConfigurationIter:  0, NewtonIter:  2
        ( Rflow ) = ( 1.88e-03 )        ( Rsolid ) = ( 2.20e-10 )        ( R ) = ( 1.88e-03 )
        MGR preconditioner: numComponentsPerField = [3, 3]
        Linear Solver | Success | Iterations: 41 | Final Rel Res: 8.29954e-05 | Make Restrictor Time: 0.121061 | Compute Auu Time: 1.15923 | SC Filter Time: 0.425844 | Setup Time: 10.0041 s | Solve Time: 47.0582 s
        Last LinSolve(iter,res) = (  41, 8.30e-05 )
        twoPhaseFlow: Max pressure change = 1467.287 Pa (before scaling)
        twoPhaseFlow: Max component density change = 3.569 kg/m3 (before scaling)
        PoromechanicsSolver: Global solution scaling factor = 1
        PoromechanicsSolver: Max phase volume fraction change = 0.0035
    Attempt:  0, ConfigurationIter:  0, NewtonIter:  3
        ( Rflow ) = ( 1.23e-05 )        ( Rsolid ) = ( 1.36e-11 )        ( R ) = ( 1.23e-05 )
twoPhaseFlow: max relative pressure change during time step = 0.400 %
twoPhaseFlow: max absolute phase volume fraction change during time step = 0.042
PoromechanicsSolver: time-step required will be increased based on number of iterations.
Cleaning up events
PoromechanicsSolver, number of time steps: 12
PoromechanicsSolver, number of successful nonlinear iterations: 43
PoromechanicsSolver, number of successful linear iterations: 1807
PoromechanicsSolver, number of time step cuts: 0
PoromechanicsSolver, number of discarded nonlinear iterations: 0
PoromechanicsSolver, number of discarded linear iterations: 0
PoromechanicsSolver: apply solution time = 0.485269583 s (min), 0.92048234 s (max)
PoromechanicsSolver: assemble time = 63.557375046 s (min), 65.652812576 s (max)
PoromechanicsSolver: convergence check time = 0.242143367 s (min), 0.250028215 s (max)
PoromechanicsSolver: linear solver create time = 68.323242955 s (min), 68.345987772 s (max)
PoromechanicsSolver: linear solver setup time = 430.149278923 s (min), 430.228197699 s (max)
PoromechanicsSolver: linear solver solve time = 2078.321437966 s (min), 2078.386024114 s (max)
PoromechanicsSolver: linear solver total time = 2577.176917241 s (min), 2577.571086685 s (max)
PoromechanicsSolver: update state time = 22.064785863 s (min), 22.139817017 s (max)

-----------------------------------------------------------------------------------------------------------------
|         Umpire Memory Pool  |   Min over ranks  |  Max  over ranks  |  Avg  over ranks  |     Sum over ranks  |
|  (reserved / % over total)  |                   |                   |                   |                     |
-----------------------------------------------------------------------------------------------------------------
|                       HOST  |  1.8 GB   (0.2%)  |  1.9 GB   (0.2%)  |  1.9 GB   (0.2%)  |  179.2 GB   (0.2%)  |
-----------------------------------------------------------------------------------------------------------------


Finished at 2024-08-29 21:26:58.527014434
total time            00h44m44s (2684.502545995 s)
initialization time   00h00m06s (6.012414827 s)
run time              00h44m34s (2674.335287449 s)
