Num ranks: 48
MKL max threads: 1
GEOS version: 1.0.1 (develop, sha1: 4d4eb3500)
  - c++ compiler: gcc 12.2.1
  - MPI version: Open MPI v4.1.7a1, package: Open MPI root@hpc-kernel-03 Distribution, ident: 4.1.7a1, repo rev: v4.1.5-105-g821f7a18fb, Unreleased developer copy
  - HDF5 version: 1.12.1
  - Conduit version: 0.9.2
  - VTK version: 9.2.6
  - RAJA version: 2024.2.2
  - umpire version: 2024.2.1
  - chai version: 2024.2.2
  - adiak version: ..
  - caliper version: ..
  - METIS version: 5.1.0
  - PARAMETIS version: 4.0.0
  - scotch version: 7.0.3
  - superlu_dist version: 6.3.0
  - suitesparse version: 5.7.9
  - hypre version: v2.31.0-12-g06da35b1a (master)
  - Python3 version: 3.11.6
Started at 2024-08-29 20:42:14.283305814
Opened XML file: /lustre/p4scratch/scratch/workspace/j1067677/SPE10/new/SPE10_with_burdens_fim_homog.xml
Included additionnal XML file: /lustre/p4scratch/scratch/workspace/j1067677/SPE10/new/SPE10_with_burdens_base_homog.xml
Adding Solver of type MultiphasePoromechanics, named PoromechanicsSolver
Adding Solver of type SolidMechanicsLagrangianSSLE, named mechanicsSolver
Adding Solver of type CompositionalMultiphaseFVM, named twoPhaseFlow
Adding Mesh: InternalMesh, mesh1
Adding Geometric Object: Box, source
Adding Geometric Object: Box, sink1
Adding Geometric Object: Box, sink2
Adding Geometric Object: Box, sink3
Adding Geometric Object: Box, sink4
Adding Event: SoloEvent, equilStep
Adding Event: PeriodicEvent, solverApplications0
Adding Event: PeriodicEvent, solverApplications1
   TableFunction: permxFunc
   TableFunction: permyFunc
   TableFunction: permzFunc
   TableFunction: poroFunc
   TableFunction: initCO2CompFractionTable
   TableFunction: initWaterCompFractionTable
   TableFunction: initTempTable
   TableFunction: waterRelativePermeabilityTable
   TableFunction: gasRelativePermeabilityTable
Adding Output: VTK, vtkOutput_512_inject
Adding Object CellElementRegion named Reservoir from ObjectManager::Catalog.
Adding Object CellElementRegion named Burden from ObjectManager::Catalog.
   TableFunction: fluid_phaseModel1_PhillipsBrineDensity_table
   TableFunction: fluid_phaseModel1_PhillipsBrineViscosity_table
   TableFunction: fluid_phaseModel2_SpanWagnerCO2Density_table
   TableFunction: fluid_phaseModel2_FenghourCO2Viscosity_table
   TableFunction: fluid_CO2Solubility_co2Dissolution_table
   TableFunction: fluid_CO2Solubility_waterVaporization_table

--------------------------------------------------
|       PoromechanicsSolver: linear solver       |
--------------------------------------------------
|  Parameter                          |  Value   |
--------------------------------------------------
|  Log level                          |  1       |
|  Linear solver type                 |  gmres   |
|  Preconditioner type                |  mgr     |
|  Stop if error                      |  1       |
|  Maximum iterations                 |  200     |
|  Maximum iterations before restart  |  200     |
|  Use adaptive tolerance             |  0       |
|  Relative convergence tolerance     |  0.0001  |
--------------------------------------------------


PoromechanicsSolver: found CompositionalMultiphaseFVM solver named twoPhaseFlow
PoromechanicsSolver: found SolidMechanicsLagrangianSSLE solver named mechanicsSolver
mesh1: total number of nodes = 6845696
mesh1: total number of elems = 6732000
MPI Partition information:
  MeshBody: mesh1 MeshLevel: FE1

  |------------------------------------------------------------------------------------------------------------------------------------------------|
  |                |             Nodes             |             Edges             |             Faces             |             Elems             |
  |------------------------------------------------------------------------------------------------------------------------------------------------|
  |min(local/total)|             0.84              |             0.86              |             0.87              |             0.89              |
  |max(local/total)|             0.94              |             0.94              |             0.94              |             0.94              |
  |------------------------------------------------------------------------------------------------------------------------------------------------|
  |      Rank      |     local     |     ghost     |     local     |     ghost     |     local     |     ghost     |     local     |     ghost     |
  |----------------|---------------|---------------|---------------|---------------|---------------|---------------|---------------|---------------|
  |            min |       138,600 |         8,764 |       415,800 |        25,965 |       415,800 |        25,641 |       138,600 |         8,440 |
  |            max |       149,240 |        26,298 |       439,119 |        69,633 |       430,680 |        60,540 |       140,800 |        17,204 |
  |------------------------------------------------------------------------------------------------------------------------------------------------|
  |              0 |       149,240 |         8,764 |       439,119 |        25,965 |       430,680 |        25,641 |       140,800 |         8,440 |
  |------------------------------------------------------------------------------------------------------------------------------------------------|
  MeshBody: mesh1 MeshLevel: multiPhaseTPFA

  |------------------------------------------------------------------------------------------------------------------------------------------------|
  |                |             Nodes             |             Edges             |             Faces             |             Elems             |
  |------------------------------------------------------------------------------------------------------------------------------------------------|
  |min(local/total)|             0.84              |             0.86              |             0.87              |             0.89              |
  |max(local/total)|             0.94              |             0.94              |             0.94              |             0.94              |
  |------------------------------------------------------------------------------------------------------------------------------------------------|
  |      Rank      |     local     |     ghost     |     local     |     ghost     |     local     |     ghost     |     local     |     ghost     |
  |----------------|---------------|---------------|---------------|---------------|---------------|---------------|---------------|---------------|
  |            min |       138,600 |         8,764 |       415,800 |        25,965 |       415,800 |        25,641 |       138,600 |         8,440 |
  |            max |       149,240 |        26,298 |       439,119 |        69,633 |       430,680 |        60,540 |       140,800 |        17,204 |
  |------------------------------------------------------------------------------------------------------------------------------------------------|
  |              0 |       149,240 |         8,764 |       439,119 |        25,965 |       430,680 |        25,641 |       140,800 |         8,440 |
  |------------------------------------------------------------------------------------------------------------------------------------------------|
  |              1 |       144,648 |        13,356 |       427,833 |        37,251 |       421,785 |        34,536 |       138,600 |        10,640 |
  |              1 |       144,648 |        13,356 |       427,833 |        37,251 |       421,785 |        34,536 |       138,600 |        10,640 |
  |              2 |       146,944 |        13,454 |       434,624 |        37,543 |       428,480 |        34,826 |       140,800 |        10,736 |
  |              2 |       146,944 |        13,454 |       434,624 |        37,543 |       428,480 |        34,826 |       140,800 |        10,736 |
  |              3 |       146,944 |        11,060 |       434,624 |        30,460 |       428,480 |        27,841 |       140,800 |         8,440 |
  |              3 |       146,944 |        11,060 |       434,624 |        30,460 |       428,480 |        27,841 |       140,800 |         8,440 |
  |              4 |       146,575 |        14,201 |       433,895 |        39,397 |       428,120 |        36,302 |       140,800 |        11,105 |
  |              4 |       146,575 |        14,201 |       433,895 |        39,397 |       428,120 |        36,302 |       140,800 |        11,105 |
  |              5 |       142,065 |        18,711 |       422,730 |        50,562 |       419,265 |        45,157 |       138,600 |        13,305 |
  |              5 |       142,065 |        18,711 |       422,730 |        50,562 |       419,265 |        45,157 |       138,600 |        13,305 |
  |              6 |       144,320 |        18,892 |       429,440 |        51,060 |       425,920 |        45,611 |       140,800 |        13,442 |
  |              6 |       144,320 |        18,892 |       429,440 |        51,060 |       425,920 |        45,611 |       140,800 |        13,442 |
  |              7 |       144,320 |        16,456 |       429,440 |        43,852 |       425,920 |        38,502 |       140,800 |        11,105 |
  |              7 |       144,320 |        16,456 |       429,440 |        43,852 |       425,920 |        38,502 |       140,800 |        11,105 |
  |              8 |       146,575 |        14,201 |       433,895 |        39,397 |       428,120 |        36,302 |       140,800 |        11,105 |
  |              8 |       146,575 |        14,201 |       433,895 |        39,397 |       428,120 |        36,302 |       140,800 |        11,105 |
  |              9 |       142,065 |        18,711 |       422,730 |        50,562 |       419,265 |        45,157 |       138,600 |        13,305 |
  |              9 |       142,065 |        18,711 |       422,730 |        50,562 |       419,265 |        45,157 |       138,600 |        13,305 |
  |             10 |       144,320 |        18,892 |       429,440 |        51,060 |       425,920 |        45,611 |       140,800 |        13,442 |
  |             10 |       144,320 |        18,892 |       429,440 |        51,060 |       425,920 |        45,611 |       140,800 |        13,442 |
  |             11 |       144,320 |        16,456 |       429,440 |        43,852 |       425,920 |        38,502 |       140,800 |        11,105 |
  |             11 |       144,320 |        16,456 |       429,440 |        43,852 |       425,920 |        38,502 |       140,800 |        11,105 |
  |             12 |       146,575 |        11,429 |       433,895 |        31,189 |       428,120 |        28,201 |       140,800 |         8,440 |
  |             12 |       146,575 |        11,429 |       433,895 |        31,189 |       428,120 |        28,201 |       140,800 |         8,440 |
  |             13 |       142,065 |        15,939 |       422,730 |        42,354 |       419,265 |        37,056 |       138,600 |        10,640 |
  |             13 |       142,065 |        15,939 |       422,730 |        42,354 |       419,265 |        37,056 |       138,600 |        10,640 |
  |             14 |       144,320 |        16,078 |       429,440 |        42,727 |       425,920 |        37,386 |       140,800 |        10,736 |
  |             14 |       144,320 |        16,078 |       429,440 |        42,727 |       425,920 |        37,386 |       140,800 |        10,736 |
  |             15 |       144,320 |        13,684 |       429,440 |        35,644 |       425,920 |        30,401 |       140,800 |         8,440 |
  |             15 |       144,320 |        13,684 |       429,440 |        35,644 |       425,920 |        30,401 |       140,800 |         8,440 |
  |             16 |       145,600 |        16,166 |       431,960 |        44,287 |       427,160 |        40,202 |       140,800 |        12,080 |
  |             16 |       145,600 |        16,166 |       431,960 |        44,287 |       427,160 |        40,202 |       140,800 |        12,080 |
  |             17 |       141,120 |        20,646 |       420,840 |        55,407 |       418,320 |        49,042 |       138,600 |        14,280 |
  |             17 |       141,120 |        20,646 |       420,840 |        55,407 |       418,320 |        49,042 |       138,600 |        14,280 |
  |             18 |       143,360 |        20,857 |       427,520 |        55,980 |       424,960 |        49,556 |       140,800 |        14,432 |
  |             18 |       143,360 |        20,857 |       427,520 |        55,980 |       424,960 |        49,556 |       140,800 |        14,432 |
  |             19 |       143,360 |        18,406 |       427,520 |        48,727 |       424,960 |        42,402 |       140,800 |        12,080 |
  |             19 |       143,360 |        18,406 |       427,520 |        48,727 |       424,960 |        42,402 |       140,800 |        12,080 |
  |             20 |       143,000 |        21,604 |       426,800 |        57,852 |       424,600 |        51,059 |       140,800 |        14,810 |
  |             20 |       143,000 |        21,604 |       426,800 |        57,852 |       424,600 |        51,059 |       140,800 |        14,810 |
  |             21 |       138,600 |        26,004 |       415,800 |        68,852 |       415,800 |        59,859 |       138,600 |        17,010 |
  |             21 |       138,600 |        26,004 |       415,800 |        68,852 |       415,800 |        59,859 |       138,600 |        17,010 |
  |             22 |       140,800 |        26,298 |       422,400 |        69,633 |       422,400 |        60,540 |       140,800 |        17,204 |
  |             22 |       140,800 |        26,298 |       422,400 |        69,633 |       422,400 |        60,540 |       140,800 |        17,204 |
  |             23 |       140,800 |        23,804 |       422,400 |        62,252 |       422,400 |        53,259 |       140,800 |        14,810 |
  |             23 |       140,800 |        23,804 |       422,400 |        62,252 |       422,400 |        53,259 |       140,800 |        14,810 |
  |             24 |       143,000 |        21,604 |       426,800 |        57,852 |       424,600 |        51,059 |       140,800 |        14,810 |
  |             24 |       143,000 |        21,604 |       426,800 |        57,852 |       424,600 |        51,059 |       140,800 |        14,810 |
  |             25 |       138,600 |        26,004 |       415,800 |        68,852 |       415,800 |        59,859 |       138,600 |        17,010 |
  |             25 |       138,600 |        26,004 |       415,800 |        68,852 |       415,800 |        59,859 |       138,600 |        17,010 |
  |             26 |       140,800 |        26,298 |       422,400 |        69,633 |       422,400 |        60,540 |       140,800 |        17,204 |
  |             26 |       140,800 |        26,298 |       422,400 |        69,633 |       422,400 |        60,540 |       140,800 |        17,204 |
  |             27 |       140,800 |        23,804 |       422,400 |        62,252 |       422,400 |        53,259 |       140,800 |        14,810 |
  |             27 |       140,800 |        23,804 |       422,400 |        62,252 |       422,400 |        53,259 |       140,800 |        14,810 |
  |             28 |       143,000 |        18,766 |       426,800 |        49,447 |       424,600 |        42,762 |       140,800 |        12,080 |
  |             28 |       143,000 |        18,766 |       426,800 |        49,447 |       424,600 |        42,762 |       140,800 |        12,080 |
  |             29 |       138,600 |        23,166 |       415,800 |        60,447 |       415,800 |        51,562 |       138,600 |        14,280 |
  |             29 |       138,600 |        23,166 |       415,800 |        60,447 |       415,800 |        51,562 |       138,600 |        14,280 |
  |             30 |       140,800 |        23,417 |       422,400 |        61,100 |       422,400 |        52,116 |       140,800 |        14,432 |
  |             30 |       140,800 |        23,417 |       422,400 |        61,100 |       422,400 |        52,116 |       140,800 |        14,432 |
  |             31 |       140,800 |        20,966 |       422,400 |        53,847 |       422,400 |        44,962 |       140,800 |        12,080 |
  |             31 |       140,800 |        20,966 |       422,400 |        53,847 |       422,400 |        44,962 |       140,800 |        12,080 |
  |             32 |       145,600 |        12,404 |       431,960 |        33,124 |       427,160 |        29,161 |       140,800 |         8,440 |
  |             32 |       145,600 |        12,404 |       431,960 |        33,124 |       427,160 |        29,161 |       140,800 |         8,440 |
  |             33 |       141,120 |        16,884 |       420,840 |        44,244 |       418,320 |        38,001 |       138,600 |        10,640 |
  |             33 |       141,120 |        16,884 |       420,840 |        44,244 |       418,320 |        38,001 |       138,600 |        10,640 |
  |             34 |       143,360 |        17,038 |       427,520 |        44,647 |       424,960 |        38,346 |       140,800 |        10,736 |
  |             34 |       143,360 |        17,038 |       427,520 |        44,647 |       424,960 |        38,346 |       140,800 |        10,736 |
  |             35 |       143,360 |        14,644 |       427,520 |        37,564 |       424,960 |        31,361 |       140,800 |         8,440 |
  |             35 |       143,360 |        14,644 |       427,520 |        37,564 |       424,960 |        31,361 |       140,800 |         8,440 |
  |             36 |       143,000 |        17,776 |       426,800 |        46,492 |       424,600 |        39,822 |       140,800 |        11,105 |
  |             36 |       143,000 |        17,776 |       426,800 |        46,492 |       424,600 |        39,822 |       140,800 |        11,105 |
  |             37 |       138,600 |        22,176 |       415,800 |        57,492 |       415,800 |        48,622 |       138,600 |        13,305 |
  |             37 |       138,600 |        22,176 |       415,800 |        57,492 |       415,800 |        48,622 |       138,600 |        13,305 |
  |             38 |       140,800 |        22,412 |       422,400 |        58,100 |       422,400 |        49,131 |       140,800 |        13,442 |
  |             38 |       140,800 |        22,412 |       422,400 |        58,100 |       422,400 |        49,131 |       140,800 |        13,442 |
  |             39 |       140,800 |        19,976 |       422,400 |        50,892 |       422,400 |        42,022 |       140,800 |        11,105 |
  |             39 |       140,800 |        19,976 |       422,400 |        50,892 |       422,400 |        42,022 |       140,800 |        11,105 |
  |             40 |       143,000 |        17,776 |       426,800 |        46,492 |       424,600 |        39,822 |       140,800 |        11,105 |
  |             40 |       143,000 |        17,776 |       426,800 |        46,492 |       424,600 |        39,822 |       140,800 |        11,105 |
  |             41 |       138,600 |        22,176 |       415,800 |        57,492 |       415,800 |        48,622 |       138,600 |        13,305 |
  |             41 |       138,600 |        22,176 |       415,800 |        57,492 |       415,800 |        48,622 |       138,600 |        13,305 |
  |             42 |       140,800 |        22,412 |       422,400 |        58,100 |       422,400 |        49,131 |       140,800 |        13,442 |
  |             42 |       140,800 |        22,412 |       422,400 |        58,100 |       422,400 |        49,131 |       140,800 |        13,442 |
  |             43 |       140,800 |        19,976 |       422,400 |        50,892 |       422,400 |        42,022 |       140,800 |        11,105 |
  |             43 |       140,800 |        19,976 |       422,400 |        50,892 |       422,400 |        42,022 |       140,800 |        11,105 |
  |             44 |       143,000 |        15,004 |       426,800 |        38,284 |       424,600 |        31,721 |       140,800 |         8,440 |
  |             44 |       143,000 |        15,004 |       426,800 |        38,284 |       424,600 |        31,721 |       140,800 |         8,440 |
  |             45 |       138,600 |        19,404 |       415,800 |        49,284 |       415,800 |        40,521 |       138,600 |        10,640 |
  |             45 |       138,600 |        19,404 |       415,800 |        49,284 |       415,800 |        40,521 |       138,600 |        10,640 |
  |             46 |       140,800 |        19,598 |       422,400 |        49,767 |       422,400 |        40,906 |       140,800 |        10,736 |
  |             46 |       140,800 |        19,598 |       422,400 |        49,767 |       422,400 |        40,906 |       140,800 |        10,736 |
  |             47 |       140,800 |        17,204 |       422,400 |        42,684 |       422,400 |        33,921 |       140,800 |         8,440 |
  |             47 |       140,800 |        17,204 |       422,400 |        42,684 |       422,400 |        33,921 |       140,800 |         8,440 |
regionQuadrature: meshBodyName, meshLevelName, regionName, subRegionName = mesh1, Level0, Burden, overburdenBlock
mesh1/Level0/Burden/overburdenBlock/fluid allocated 8 quadrature points
mesh1/Level0/Burden/overburdenBlock/porousRockBurdens allocated 8 quadrature points
mesh1/Level0/Burden/overburdenBlock/relperm allocated 8 quadrature points
regionQuadrature: meshBodyName, meshLevelName, regionName, subRegionName = mesh1, Level0, Burden, underburdenBlock
mesh1/Level0/Burden/underburdenBlock/fluid allocated 8 quadrature points
mesh1/Level0/Burden/underburdenBlock/porousRockBurdens allocated 8 quadrature points
mesh1/Level0/Burden/underburdenBlock/relperm allocated 8 quadrature points
regionQuadrature: meshBodyName, meshLevelName, regionName, subRegionName = mesh1, Level0, Reservoir, reservoirBlock
mesh1/Level0/Reservoir/reservoirBlock/fluid allocated 8 quadrature points
mesh1/Level0/Reservoir/reservoirBlock/porousRockReservoir allocated 8 quadrature points
mesh1/Level0/Reservoir/reservoirBlock/relperm allocated 8 quadrature points
mesh1: importing field data from mesh dataset
   TableFunction: equil_underburdenBlock_water_table
   TableFunction: equil_overburdenBlock_water_table
   TableFunction: equil_reservoirBlock_water_table

------------------------- TIMESTEP START -------------------------
    - Time:       -(3168y, 319d, 04h01m04s) out of 1d, 00h00m00s (0% completed)
                  (-100000000000 s / 86400 s)
    - Delta Time: 3168y, 319d, 04h01m04s (100000000000 s)
    - Cycle:      0
--------------------------------------------------------------------

Time: -1.00e+11 s, dt: 100000000000 s, Cycle: 0

Task `equilStep`: at time -100000000000s, physics solver `PoromechanicsSolver` is set to perform stress initialization during the next time step(s)
Task `equilStep`: at time -100000000000s, physics solver `mechanicsSolver` is resetting total displacement and velocity to zero
    Attempt:  0, ConfigurationIter:  0, NewtonIter:  0
        ( Rflow ) = ( 0.00e+00 )        ( Rsolid ) = ( 2.80e+02 )        ( R ) = ( 2.80e+02 )
        MGR preconditioner: numComponentsPerField = [3, 3]
        Linear Solver | Success | Iterations: 14 | Final Rel Res: 5.88203e-05 | Make Restrictor Time: 0.280026 | Compute Auu Time: 4.23415 | SC Filter Time: 1.32873 | Setup Time: 23.8587 s | Solve Time: 51.8997 s
        Last LinSolve(iter,res) = (  14, 5.88e-05 )
        twoPhaseFlow: Max pressure change = 0.000 Pa (before scaling)
        twoPhaseFlow: Max component density change = 0.000 kg/m3 (before scaling)
        PoromechanicsSolver: Global solution scaling factor = 1
        PoromechanicsSolver: Max phase volume fraction change = 0.0000
    Attempt:  0, ConfigurationIter:  0, NewtonIter:  1
        ( Rflow ) = ( 0.00e+00 )        ( Rsolid ) = ( 1.52e-02 )        ( R ) = ( 1.52e-02 )
        MGR preconditioner: numComponentsPerField = [3, 3]
        Linear Solver | Success | Iterations: 15 | Final Rel Res: 6.71526e-05 | Make Restrictor Time: 0.245442 | Compute Auu Time: 4.05722 | SC Filter Time: 1.28524 | Setup Time: 23.1073 s | Solve Time: 54.7478 s
        Last LinSolve(iter,res) = (  15, 6.72e-05 )
        twoPhaseFlow: Max pressure change = 0.000 Pa (before scaling)
        twoPhaseFlow: Max component density change = 0.000 kg/m3 (before scaling)
        PoromechanicsSolver: Global solution scaling factor = 1
        PoromechanicsSolver: Max phase volume fraction change = 0.0000
    Attempt:  0, ConfigurationIter:  0, NewtonIter:  2
        ( Rflow ) = ( 0.00e+00 )        ( Rsolid ) = ( 1.02e-06 )        ( R ) = ( 1.02e-06 )
twoPhaseFlow: max relative pressure change during time step = 0.000 %
twoPhaseFlow: max absolute phase volume fraction change during time step = 0.000
PoromechanicsSolver: time-step required will be increased based on number of iterations.
Task `equilStep`: at time 0s, physics solver `PoromechanicsSolver` has completed stress initialization
Task `equilStep`: at time -100000000000s, physics solver `mechanicsSolver` is resetting total displacement and velocity to zero

------------------------- TIMESTEP START -------------------------
    - Time:       00h00m00s out of 1d, 00h00m00s (100% completed)
                  (0 s / 86400 s)
    - Delta Time: 00h16m40s (1000 s)
    - Cycle:      1
--------------------------------------------------------------------

Time: 0.00e+00 s, dt: 1000 s, Cycle: 1

    Attempt:  0, ConfigurationIter:  0, NewtonIter:  0
        ( Rflow ) = ( 7.21e-02 )        ( Rsolid ) = ( 1.02e-06 )        ( R ) = ( 7.21e-02 )
        MGR preconditioner: numComponentsPerField = [3, 3]
        Linear Solver | Success | Iterations: 44 | Final Rel Res: 9.73422e-05 | Make Restrictor Time: 0.269079 | Compute Auu Time: 3.98517 | SC Filter Time: 1.28605 | Setup Time: 23.7882 s | Solve Time: 162.718 s
        Last LinSolve(iter,res) = (  44, 9.73e-05 )
        twoPhaseFlow: Max pressure change = 498387.553 Pa (before scaling)
        twoPhaseFlow: Max component density change = 75.433 kg/m3 (before scaling)
        PoromechanicsSolver: Global solution scaling factor = 1
        PoromechanicsSolver: Max phase volume fraction change = 0.2010
    Attempt:  0, ConfigurationIter:  0, NewtonIter:  1
        ( Rflow ) = ( 1.61e-01 )        ( Rsolid ) = ( 3.30e-09 )        ( R ) = ( 1.61e-01 )
        MGR preconditioner: numComponentsPerField = [3, 3]
        Linear Solver | Success | Iterations: 47 | Final Rel Res: 7.6973e-05 | Make Restrictor Time: 0.266442 | Compute Auu Time: 3.76799 | SC Filter Time: 1.26692 | Setup Time: 23.6172 s | Solve Time: 171.461 s
        Last LinSolve(iter,res) = (  47, 7.70e-05 )
        twoPhaseFlow: Max pressure change = 545465.150 Pa (before scaling)
        twoPhaseFlow: Max component density change = 57.164 kg/m3 (before scaling)
        PoromechanicsSolver: Global solution scaling factor = 1
        PoromechanicsSolver: Max phase volume fraction change = 0.1012
    Attempt:  0, ConfigurationIter:  0, NewtonIter:  2
        ( Rflow ) = ( 1.79e-02 )        ( Rsolid ) = ( 2.00e-08 )        ( R ) = ( 1.79e-02 )
        MGR preconditioner: numComponentsPerField = [3, 3]
        Linear Solver | Success | Iterations: 48 | Final Rel Res: 7.30309e-05 | Make Restrictor Time: 0.264602 | Compute Auu Time: 3.68682 | SC Filter Time: 1.26689 | Setup Time: 23.4375 s | Solve Time: 176.467 s
        Last LinSolve(iter,res) = (  48, 7.30e-05 )
        twoPhaseFlow: Max pressure change = 253040.701 Pa (before scaling)
        twoPhaseFlow: Max component density change = 30.332 kg/m3 (before scaling)
        PoromechanicsSolver: Global solution scaling factor = 1
        PoromechanicsSolver: Max phase volume fraction change = 0.0295
    Attempt:  0, ConfigurationIter:  0, NewtonIter:  3
        ( Rflow ) = ( 4.62e-03 )        ( Rsolid ) = ( 2.79e-09 )        ( R ) = ( 4.62e-03 )
        MGR preconditioner: numComponentsPerField = [3, 3]
        Linear Solver | Success | Iterations: 46 | Final Rel Res: 6.89475e-05 | Make Restrictor Time: 0.274465 | Compute Auu Time: 3.6308 | SC Filter Time: 1.25865 | Setup Time: 23.5453 s | Solve Time: 166.88 s
        Last LinSolve(iter,res) = (  46, 6.89e-05 )
        twoPhaseFlow: Max pressure change = 38293.806 Pa (before scaling)
        twoPhaseFlow: Max component density change = 6.377 kg/m3 (before scaling)
        PoromechanicsSolver: Global solution scaling factor = 1
        PoromechanicsSolver: Max phase volume fraction change = 0.0062
    Attempt:  0, ConfigurationIter:  0, NewtonIter:  4
        ( Rflow ) = ( 8.84e-05 )        ( Rsolid ) = ( 8.18e-11 )        ( R ) = ( 8.84e-05 )
twoPhaseFlow: max relative pressure change during time step = 12.276 %
twoPhaseFlow: max absolute phase volume fraction change during time step = 0.114
PoromechanicsSolver: time-step required will be increased based on state change.

------------------------- TIMESTEP START -------------------------
    - Time:       00h16m40s out of 1d, 00h00m00s (100% completed)
                  (1000 s / 86400 s)
    - Delta Time: 00h22m26s (1346.7509768825043 s)
    - Cycle:      2
--------------------------------------------------------------------

Time: 1.00e+03 s, dt: 1346.7509768825043 s, Cycle: 2

    Attempt:  0, ConfigurationIter:  0, NewtonIter:  0
        ( Rflow ) = ( 1.17e-01 )        ( Rsolid ) = ( 8.18e-11 )        ( R ) = ( 1.17e-01 )
        MGR preconditioner: numComponentsPerField = [3, 3]
        Linear Solver | Success | Iterations: 46 | Final Rel Res: 8.18377e-05 | Make Restrictor Time: 0.267649 | Compute Auu Time: 3.46511 | SC Filter Time: 1.24641 | Setup Time: 23.3675 s | Solve Time: 166.544 s
        Last LinSolve(iter,res) = (  46, 8.18e-05 )
        twoPhaseFlow: Max pressure change = 138160.187 Pa (before scaling)
        twoPhaseFlow: Max component density change = 107.183 kg/m3 (before scaling)
        PoromechanicsSolver: Global solution scaling factor = 1
        PoromechanicsSolver: Max phase volume fraction change = 0.1065
    Attempt:  0, ConfigurationIter:  0, NewtonIter:  1
        ( Rflow ) = ( 6.86e-02 )        ( Rsolid ) = ( 5.24e-09 )        ( R ) = ( 6.86e-02 )
        MGR preconditioner: numComponentsPerField = [3, 3]
        Linear Solver | Success | Iterations: 48 | Final Rel Res: 7.48553e-05 | Make Restrictor Time: 0.273224 | Compute Auu Time: 3.49644 | SC Filter Time: 1.25462 | Setup Time: 31.206 s | Solve Time: 178.313 s
        Last LinSolve(iter,res) = (  48, 7.49e-05 )
        twoPhaseFlow: Max pressure change = 116936.518 Pa (before scaling)
        twoPhaseFlow: Max component density change = 43.431 kg/m3 (before scaling)
        PoromechanicsSolver: Global solution scaling factor = 1
        PoromechanicsSolver: Max phase volume fraction change = 0.0423
    Attempt:  0, ConfigurationIter:  0, NewtonIter:  2
        ( Rflow ) = ( 4.08e-03 )        ( Rsolid ) = ( 9.05e-10 )        ( R ) = ( 4.08e-03 )
        MGR preconditioner: numComponentsPerField = [3, 3]
        Linear Solver | Success | Iterations: 40 | Final Rel Res: 9.11051e-05 | Make Restrictor Time: 0.26843 | Compute Auu Time: 3.49402 | SC Filter Time: 1.24409 | Setup Time: 32.6215 s | Solve Time: 144.23 s
        Last LinSolve(iter,res) = (  40, 9.11e-05 )
        twoPhaseFlow: Max pressure change = 6961.696 Pa (before scaling)
        twoPhaseFlow: Max component density change = 1.810 kg/m3 (before scaling)
        PoromechanicsSolver: Global solution scaling factor = 1
        PoromechanicsSolver: Max phase volume fraction change = 0.0018
    Attempt:  0, ConfigurationIter:  0, NewtonIter:  3
        ( Rflow ) = ( 7.38e-06 )        ( Rsolid ) = ( 1.43e-11 )        ( R ) = ( 7.38e-06 )
twoPhaseFlow: max relative pressure change during time step = 1.100 %
twoPhaseFlow: max absolute phase volume fraction change during time step = 0.109
PoromechanicsSolver: time-step required will be increased based on state change.

------------------------- TIMESTEP START -------------------------
    - Time:       00h39m06s out of 1d, 00h00m00s (100% completed)
                  (2346.7509768825043 s / 86400 s)
    - Delta Time: 00h32m09s (1929.474903158908 s)
    - Cycle:      3
--------------------------------------------------------------------

Time: 2.35e+03 s, dt: 1929.474903158908 s, Cycle: 3

    Attempt:  0, ConfigurationIter:  0, NewtonIter:  0
        ( Rflow ) = ( 1.40e-01 )        ( Rsolid ) = ( 1.43e-11 )        ( R ) = ( 1.40e-01 )
        MGR preconditioner: numComponentsPerField = [3, 3]
        Linear Solver | Success | Iterations: 49 | Final Rel Res: 8.86395e-05 | Make Restrictor Time: 0.273717 | Compute Auu Time: 3.45898 | SC Filter Time: 1.23502 | Setup Time: 25.366 s | Solve Time: 178.804 s
        Last LinSolve(iter,res) = (  49, 8.86e-05 )
        twoPhaseFlow: Max pressure change = 683213.580 Pa (before scaling)
        twoPhaseFlow: Max component density change = 161.891 kg/m3 (before scaling)
        PoromechanicsSolver: Global solution scaling factor = 1
        PoromechanicsSolver: Max phase volume fraction change = 0.1578
    Attempt:  0, ConfigurationIter:  0, NewtonIter:  1
        ( Rflow ) = ( 9.85e-02 )        ( Rsolid ) = ( 6.38e-08 )        ( R ) = ( 9.85e-02 )
        MGR preconditioner: numComponentsPerField = [3, 3]
        Linear Solver | Success | Iterations: 41 | Final Rel Res: 8.2291e-05 | Make Restrictor Time: 0.272819 | Compute Auu Time: 3.47457 | SC Filter Time: 1.23217 | Setup Time: 23.9687 s | Solve Time: 147.659 s
        Last LinSolve(iter,res) = (  41, 8.23e-05 )
        twoPhaseFlow: Max pressure change = 197088.237 Pa (before scaling)
        twoPhaseFlow: Max component density change = 65.513 kg/m3 (before scaling)
        PoromechanicsSolver: Global solution scaling factor = 1
        PoromechanicsSolver: Max phase volume fraction change = 0.0639
    Attempt:  0, ConfigurationIter:  0, NewtonIter:  2
        ( Rflow ) = ( 1.06e-02 )        ( Rsolid ) = ( 4.16e-09 )        ( R ) = ( 1.06e-02 )
        MGR preconditioner: numComponentsPerField = [3, 3]
        Linear Solver | Success | Iterations: 44 | Final Rel Res: 7.8017e-05 | Make Restrictor Time: 0.270269 | Compute Auu Time: 3.50302 | SC Filter Time: 1.25145 | Setup Time: 29.6914 s | Solve Time: 157.476 s
        Last LinSolve(iter,res) = (  44, 7.80e-05 )
        twoPhaseFlow: Max pressure change = 40010.084 Pa (before scaling)
        twoPhaseFlow: Max component density change = 9.497 kg/m3 (before scaling)
        PoromechanicsSolver: Global solution scaling factor = 1
        PoromechanicsSolver: Max phase volume fraction change = 0.0093
    Attempt:  0, ConfigurationIter:  0, NewtonIter:  3
        ( Rflow ) = ( 1.99e-04 )        ( Rsolid ) = ( 1.37e-10 )        ( R ) = ( 1.99e-04 )
twoPhaseFlow: max relative pressure change during time step = 4.104 %
twoPhaseFlow: max absolute phase volume fraction change during time step = 0.105
PoromechanicsSolver: time-step required will be increased based on state change.

------------------------- TIMESTEP START -------------------------
    - Time:       01h11m16s out of 1d, 00h00m00s (100% completed)
                  (4276.225880041413 s / 86400 s)
    - Delta Time: 00h47m06s (2826.406598294603 s)
    - Cycle:      4
--------------------------------------------------------------------

Time: 4.28e+03 s, dt: 2826.406598294603 s, Cycle: 4

    Attempt:  0, ConfigurationIter:  0, NewtonIter:  0
        ( Rflow ) = ( 1.28e-01 )        ( Rsolid ) = ( 1.37e-10 )        ( R ) = ( 1.28e-01 )
        MGR preconditioner: numComponentsPerField = [3, 3]
        Linear Solver | Success | Iterations: 49 | Final Rel Res: 8.04143e-05 | Make Restrictor Time: 0.272234 | Compute Auu Time: 3.55314 | SC Filter Time: 1.25969 | Setup Time: 23.9634 s | Solve Time: 178.648 s
        Last LinSolve(iter,res) = (  49, 8.04e-05 )
        twoPhaseFlow: Max pressure change = 309959.727 Pa (before scaling)
        twoPhaseFlow: Max component density change = 192.193 kg/m3 (before scaling)
        PoromechanicsSolver: Global solution scaling factor = 1
        PoromechanicsSolver: Max phase volume fraction change = 0.1875
    Attempt:  0, ConfigurationIter:  0, NewtonIter:  1
        ( Rflow ) = ( 1.07e-01 )        ( Rsolid ) = ( 2.07e-08 )        ( R ) = ( 1.07e-01 )
        MGR preconditioner: numComponentsPerField = [3, 3]
        Linear Solver | Success | Iterations: 44 | Final Rel Res: 7.67015e-05 | Make Restrictor Time: 0.271664 | Compute Auu Time: 3.46255 | SC Filter Time: 1.24526 | Setup Time: 24.5097 s | Solve Time: 160.631 s
        Last LinSolve(iter,res) = (  44, 7.67e-05 )
        twoPhaseFlow: Max pressure change = 107911.438 Pa (before scaling)
        twoPhaseFlow: Max component density change = 70.299 kg/m3 (before scaling)
        PoromechanicsSolver: Global solution scaling factor = 1
        PoromechanicsSolver: Max phase volume fraction change = 0.0686
    Attempt:  0, ConfigurationIter:  0, NewtonIter:  2
        ( Rflow ) = ( 1.22e-02 )        ( Rsolid ) = ( 2.11e-09 )        ( R ) = ( 1.22e-02 )
        MGR preconditioner: numComponentsPerField = [3, 3]
        Linear Solver | Success | Iterations: 39 | Final Rel Res: 7.60885e-05 | Make Restrictor Time: 0.275179 | Compute Auu Time: 3.52078 | SC Filter Time: 1.24765 | Setup Time: 24.3093 s | Solve Time: 138.685 s
        Last LinSolve(iter,res) = (  39, 7.61e-05 )
        twoPhaseFlow: Max pressure change = 8600.712 Pa (before scaling)
        twoPhaseFlow: Max component density change = 11.582 kg/m3 (before scaling)
        PoromechanicsSolver: Global solution scaling factor = 1
        PoromechanicsSolver: Max phase volume fraction change = 0.0114
    Attempt:  0, ConfigurationIter:  0, NewtonIter:  3
        ( Rflow ) = ( 2.47e-04 )        ( Rsolid ) = ( 4.83e-11 )        ( R ) = ( 2.47e-04 )
twoPhaseFlow: max relative pressure change during time step = 1.915 %
twoPhaseFlow: max absolute phase volume fraction change during time step = 0.108
PoromechanicsSolver: time-step required will be increased based on state change.

------------------------- TIMESTEP START -------------------------
    - Time:       01h58m22s out of 1d, 00h00m00s (100% completed)
                  (7102.632478336016 s / 86400 s)
    - Delta Time: 01h08m04s (4084.1899492804514 s)
    - Cycle:      5
--------------------------------------------------------------------

Time: 7.10e+03 s, dt: 4084.1899492804514 s, Cycle: 5

    Attempt:  0, ConfigurationIter:  0, NewtonIter:  0
        ( Rflow ) = ( 1.28e-01 )        ( Rsolid ) = ( 4.83e-11 )        ( R ) = ( 1.28e-01 )
        MGR preconditioner: numComponentsPerField = [3, 3]
        Linear Solver | Success | Iterations: 47 | Final Rel Res: 8.61037e-05 | Make Restrictor Time: 0.27755 | Compute Auu Time: 3.51904 | SC Filter Time: 1.23428 | Setup Time: 32.6059 s | Solve Time: 170.181 s
        Last LinSolve(iter,res) = (  47, 8.61e-05 )
        twoPhaseFlow: Max pressure change = 209726.475 Pa (before scaling)
        twoPhaseFlow: Max component density change = 159.096 kg/m3 (before scaling)
        PoromechanicsSolver: Global solution scaling factor = 1
        PoromechanicsSolver: Max phase volume fraction change = 0.1552
    Attempt:  0, ConfigurationIter:  0, NewtonIter:  1
        ( Rflow ) = ( 1.14e-01 )        ( Rsolid ) = ( 1.95e-08 )        ( R ) = ( 1.14e-01 )
        MGR preconditioner: numComponentsPerField = [3, 3]
        Linear Solver | Success | Iterations: 41 | Final Rel Res: 9.5105e-05 | Make Restrictor Time: 0.352047 | Compute Auu Time: 3.52345 | SC Filter Time: 1.24414 | Setup Time: 23.8707 s | Solve Time: 145.205 s
        Last LinSolve(iter,res) = (  41, 9.51e-05 )
        twoPhaseFlow: Max pressure change = 96590.475 Pa (before scaling)
        twoPhaseFlow: Max component density change = 61.386 kg/m3 (before scaling)
        PoromechanicsSolver: Global solution scaling factor = 1
        PoromechanicsSolver: Max phase volume fraction change = 0.0618
    Attempt:  0, ConfigurationIter:  0, NewtonIter:  2
        ( Rflow ) = ( 9.96e-03 )        ( Rsolid ) = ( 4.08e-09 )        ( R ) = ( 9.96e-03 )
        MGR preconditioner: numComponentsPerField = [3, 3]
        Linear Solver | Success | Iterations: 46 | Final Rel Res: 8.17812e-05 | Make Restrictor Time: 0.276605 | Compute Auu Time: 3.54479 | SC Filter Time: 1.2398 | Setup Time: 24.3129 s | Solve Time: 164.477 s
        Last LinSolve(iter,res) = (  46, 8.18e-05 )
        twoPhaseFlow: Max pressure change = 21309.354 Pa (before scaling)
        twoPhaseFlow: Max component density change = 10.351 kg/m3 (before scaling)
        PoromechanicsSolver: Global solution scaling factor = 1
        PoromechanicsSolver: Max phase volume fraction change = 0.0101
    Attempt:  0, ConfigurationIter:  0, NewtonIter:  3
        ( Rflow ) = ( 1.28e-03 )        ( Rsolid ) = ( 1.69e-10 )        ( R ) = ( 1.28e-03 )
        MGR preconditioner: numComponentsPerField = [3, 3]
        Linear Solver | Success | Iterations: 45 | Final Rel Res: 8.66373e-05 | Make Restrictor Time: 0.274325 | Compute Auu Time: 3.51528 | SC Filter Time: 1.23626 | Setup Time: 23.7814 s | Solve Time: 164.513 s
        Last LinSolve(iter,res) = (  45, 8.66e-05 )
        twoPhaseFlow: Max pressure change = 2614.563 Pa (before scaling)
        twoPhaseFlow: Max component density change = 2.005 kg/m3 (before scaling)
        PoromechanicsSolver: Global solution scaling factor = 1
        PoromechanicsSolver: Max phase volume fraction change = 0.0020
    Attempt:  0, ConfigurationIter:  0, NewtonIter:  4
        ( Rflow ) = ( 5.96e-06 )        ( Rsolid ) = ( 1.20e-11 )        ( R ) = ( 5.96e-06 )
twoPhaseFlow: max relative pressure change during time step = 1.633 %
twoPhaseFlow: max absolute phase volume fraction change during time step = 0.100
PoromechanicsSolver: time-step required will be increased based on state change.

------------------------- TIMESTEP START -------------------------
    - Time:       03h06m26s out of 1d, 00h00m00s (100% completed)
                  (11186.822427616467 s / 86400 s)
    - Delta Time: 01h42m01s (6121.180270291333 s)
    - Cycle:      6
--------------------------------------------------------------------

Time: 1.12e+04 s, dt: 6121.180270291333 s, Cycle: 6

    Attempt:  0, ConfigurationIter:  0, NewtonIter:  0
        ( Rflow ) = ( 1.21e-01 )        ( Rsolid ) = ( 1.20e-11 )        ( R ) = ( 1.21e-01 )
        MGR preconditioner: numComponentsPerField = [3, 3]
        Linear Solver | Success | Iterations: 48 | Final Rel Res: 8.3455e-05 | Make Restrictor Time: 0.280009 | Compute Auu Time: 3.49096 | SC Filter Time: 1.22505 | Setup Time: 24.3194 s | Solve Time: 173.899 s
        Last LinSolve(iter,res) = (  48, 8.35e-05 )
        twoPhaseFlow: Max pressure change = 280035.469 Pa (before scaling)
        twoPhaseFlow: Max component density change = 201.085 kg/m3 (before scaling)
        PoromechanicsSolver: Global solution scaling factor = 1
        PoromechanicsSolver: Max phase volume fraction change = 0.1998
    Attempt:  0, ConfigurationIter:  0, NewtonIter:  1
        ( Rflow ) = ( 1.59e-01 )        ( Rsolid ) = ( 2.82e-08 )        ( R ) = ( 1.59e-01 )
        MGR preconditioner: numComponentsPerField = [3, 3]
        Linear Solver | Success | Iterations: 47 | Final Rel Res: 7.11048e-05 | Make Restrictor Time: 0.276393 | Compute Auu Time: 3.55128 | SC Filter Time: 1.21733 | Setup Time: 30.1822 s | Solve Time: 167.269 s
        Last LinSolve(iter,res) = (  47, 7.11e-05 )
        twoPhaseFlow: Max pressure change = 189731.870 Pa (before scaling)
        twoPhaseFlow: Max component density change = 71.358 kg/m3 (before scaling)
        PoromechanicsSolver: Global solution scaling factor = 1
        PoromechanicsSolver: Max phase volume fraction change = 0.0969
    Attempt:  0, ConfigurationIter:  0, NewtonIter:  2
        ( Rflow ) = ( 2.70e-02 )        ( Rsolid ) = ( 1.05e-08 )        ( R ) = ( 2.70e-02 )
        MGR preconditioner: numComponentsPerField = [3, 3]
        Linear Solver | Success | Iterations: 42 | Final Rel Res: 8.78975e-05 | Make Restrictor Time: 0.28124 | Compute Auu Time: 3.5728 | SC Filter Time: 1.22094 | Setup Time: 29.7279 s | Solve Time: 151.113 s
        Last LinSolve(iter,res) = (  42, 8.79e-05 )
        twoPhaseFlow: Max pressure change = 12795.901 Pa (before scaling)
        twoPhaseFlow: Max component density change = 24.489 kg/m3 (before scaling)
        PoromechanicsSolver: Global solution scaling factor = 1
        PoromechanicsSolver: Max phase volume fraction change = 0.0239
    Attempt:  0, ConfigurationIter:  0, NewtonIter:  3
        ( Rflow ) = ( 9.44e-04 )        ( Rsolid ) = ( 2.04e-10 )        ( R ) = ( 9.44e-04 )
twoPhaseFlow: max relative pressure change during time step = 0.940 %
twoPhaseFlow: max absolute phase volume fraction change during time step = 0.112
PoromechanicsSolver: time-step required will be increased based on state change.

------------------------- TIMESTEP START -------------------------
    - Time:       04h48m28s out of 1d, 00h00m00s (100% completed)
                  (17308.0026979078 s / 86400 s)
    - Delta Time: 02h24m03s (8643.28805857269 s)
    - Cycle:      7
--------------------------------------------------------------------

Time: 1.73e+04 s, dt: 8643.28805857269 s, Cycle: 7

    Attempt:  0, ConfigurationIter:  0, NewtonIter:  0
        ( Rflow ) = ( 1.30e-01 )        ( Rsolid ) = ( 2.04e-10 )        ( R ) = ( 1.30e-01 )
        MGR preconditioner: numComponentsPerField = [3, 3]
        Linear Solver | Success | Iterations: 49 | Final Rel Res: 7.7948e-05 | Make Restrictor Time: 0.28411 | Compute Auu Time: 3.6034 | SC Filter Time: 1.21449 | Setup Time: 23.9206 s | Solve Time: 176.311 s
        Last LinSolve(iter,res) = (  49, 7.79e-05 )
        twoPhaseFlow: Max pressure change = 92178.209 Pa (before scaling)
        twoPhaseFlow: Max component density change = 264.293 kg/m3 (before scaling)
        PoromechanicsSolver: Global solution scaling factor = 1
        PoromechanicsSolver: Max phase volume fraction change = 0.2578
    Attempt:  0, ConfigurationIter:  0, NewtonIter:  1
        ( Rflow ) = ( 3.12e-01 )        ( Rsolid ) = ( 8.09e-09 )        ( R ) = ( 3.12e-01 )
        MGR preconditioner: numComponentsPerField = [3, 3]
        Linear Solver | Success | Iterations: 38 | Final Rel Res: 8.48437e-05 | Make Restrictor Time: 0.278643 | Compute Auu Time: 3.61628 | SC Filter Time: 1.2185 | Setup Time: 24.6335 s | Solve Time: 133.233 s
        Last LinSolve(iter,res) = (  38, 8.48e-05 )
        twoPhaseFlow: Max pressure change = 36475.342 Pa (before scaling)
        twoPhaseFlow: Max component density change = 109.164 kg/m3 (before scaling)
        PoromechanicsSolver: Global solution scaling factor = 1
        PoromechanicsSolver: Max phase volume fraction change = 0.1065
    Attempt:  0, ConfigurationIter:  0, NewtonIter:  2
        ( Rflow ) = ( 6.20e-02 )        ( Rsolid ) = ( 3.54e-09 )        ( R ) = ( 6.20e-02 )
        MGR preconditioner: numComponentsPerField = [3, 3]
        Linear Solver | Success | Iterations: 38 | Final Rel Res: 7.28174e-05 | Make Restrictor Time: 0.278214 | Compute Auu Time: 3.61407 | SC Filter Time: 1.20898 | Setup Time: 24.1595 s | Solve Time: 136.345 s
        Last LinSolve(iter,res) = (  38, 7.28e-05 )
        twoPhaseFlow: Max pressure change = 13094.984 Pa (before scaling)
        twoPhaseFlow: Max component density change = 46.281 kg/m3 (before scaling)
        PoromechanicsSolver: Global solution scaling factor = 1
        PoromechanicsSolver: Max phase volume fraction change = 0.0451
    Attempt:  0, ConfigurationIter:  0, NewtonIter:  3
        ( Rflow ) = ( 7.47e-03 )        ( Rsolid ) = ( 5.33e-10 )        ( R ) = ( 7.47e-03 )
        MGR preconditioner: numComponentsPerField = [3, 3]
        Linear Solver | Success | Iterations: 42 | Final Rel Res: 9.18602e-05 | Make Restrictor Time: 0.279576 | Compute Auu Time: 3.62629 | SC Filter Time: 1.20606 | Setup Time: 24.4392 s | Solve Time: 148.095 s
        Last LinSolve(iter,res) = (  42, 9.19e-05 )
        twoPhaseFlow: Max pressure change = 1951.415 Pa (before scaling)
        twoPhaseFlow: Max component density change = 6.441 kg/m3 (before scaling)
        PoromechanicsSolver: Global solution scaling factor = 1
        PoromechanicsSolver: Max phase volume fraction change = 0.0063
    Attempt:  0, ConfigurationIter:  0, NewtonIter:  4
        ( Rflow ) = ( 8.74e-05 )        ( Rsolid ) = ( 7.87e-11 )        ( R ) = ( 8.74e-05 )
twoPhaseFlow: max relative pressure change during time step = 0.825 %
twoPhaseFlow: max absolute phase volume fraction change during time step = 0.110
PoromechanicsSolver: time-step required will be increased based on state change.

------------------------- TIMESTEP START -------------------------
    - Time:       07h12m31s out of 1d, 00h00m00s (100% completed)
                  (25951.290756480492 s / 86400 s)
    - Delta Time: 03h26m02s (12362.785414366703 s)
    - Cycle:      8
--------------------------------------------------------------------

Time: 2.60e+04 s, dt: 12362.785414366703 s, Cycle: 8

    Attempt:  0, ConfigurationIter:  0, NewtonIter:  0
        ( Rflow ) = ( 1.31e-01 )        ( Rsolid ) = ( 7.87e-11 )        ( R ) = ( 1.31e-01 )
        MGR preconditioner: numComponentsPerField = [3, 3]
        Linear Solver | Success | Iterations: 45 | Final Rel Res: 9.30371e-05 | Make Restrictor Time: 0.278325 | Compute Auu Time: 3.73357 | SC Filter Time: 1.20959 | Setup Time: 23.83 s | Solve Time: 158.832 s
        Last LinSolve(iter,res) = (  45, 9.30e-05 )
        twoPhaseFlow: Max pressure change = 70804.323 Pa (before scaling)
        twoPhaseFlow: Max component density change = 281.706 kg/m3 (before scaling)
        PoromechanicsSolver: Global solution scaling factor = 1
        PoromechanicsSolver: Max phase volume fraction change = 0.2748
    Attempt:  0, ConfigurationIter:  0, NewtonIter:  1
        ( Rflow ) = ( 3.68e-01 )        ( Rsolid ) = ( 8.52e-09 )        ( R ) = ( 3.68e-01 )
        MGR preconditioner: numComponentsPerField = [3, 3]
        Linear Solver | Success | Iterations: 41 | Final Rel Res: 7.80094e-05 | Make Restrictor Time: 0.281765 | Compute Auu Time: 3.68434 | SC Filter Time: 1.20294 | Setup Time: 31.2214 s | Solve Time: 143.553 s
        Last LinSolve(iter,res) = (  41, 7.80e-05 )
        twoPhaseFlow: Max pressure change = 59647.358 Pa (before scaling)
        twoPhaseFlow: Max component density change = 121.245 kg/m3 (before scaling)
        PoromechanicsSolver: Global solution scaling factor = 1
        PoromechanicsSolver: Max phase volume fraction change = 0.1196
    Attempt:  0, ConfigurationIter:  0, NewtonIter:  2
        ( Rflow ) = ( 6.94e-02 )        ( Rsolid ) = ( 6.13e-09 )        ( R ) = ( 6.94e-02 )
        MGR preconditioner: numComponentsPerField = [3, 3]
        Linear Solver | Success | Iterations: 42 | Final Rel Res: 7.7656e-05 | Make Restrictor Time: 0.28118 | Compute Auu Time: 3.76633 | SC Filter Time: 1.20812 | Setup Time: 23.952 s | Solve Time: 146.738 s
        Last LinSolve(iter,res) = (  42, 7.77e-05 )
        twoPhaseFlow: Max pressure change = 22857.930 Pa (before scaling)
        twoPhaseFlow: Max component density change = 49.389 kg/m3 (before scaling)
        PoromechanicsSolver: Global solution scaling factor = 1
        PoromechanicsSolver: Max phase volume fraction change = 0.0482
    Attempt:  0, ConfigurationIter:  0, NewtonIter:  3
        ( Rflow ) = ( 1.26e-02 )        ( Rsolid ) = ( 8.25e-10 )        ( R ) = ( 1.26e-02 )
        MGR preconditioner: numComponentsPerField = [3, 3]
        Linear Solver | Success | Iterations: 45 | Final Rel Res: 7.30523e-05 | Make Restrictor Time: 0.277515 | Compute Auu Time: 3.77848 | SC Filter Time: 1.2564 | Setup Time: 26.7531 s | Solve Time: 157.096 s
        Last LinSolve(iter,res) = (  45, 7.31e-05 )
        twoPhaseFlow: Max pressure change = 6468.272 Pa (before scaling)
        twoPhaseFlow: Max component density change = 14.935 kg/m3 (before scaling)
        PoromechanicsSolver: Global solution scaling factor = 1
        PoromechanicsSolver: Max phase volume fraction change = 0.0146
    Attempt:  0, ConfigurationIter:  0, NewtonIter:  4
        ( Rflow ) = ( 2.80e-04 )        ( Rsolid ) = ( 7.95e-11 )        ( R ) = ( 2.80e-04 )
twoPhaseFlow: max relative pressure change during time step = 0.566 %
twoPhaseFlow: max absolute phase volume fraction change during time step = 0.113
PoromechanicsSolver: time-step required will be increased based on state change.

------------------------- TIMESTEP START -------------------------
    - Time:       10h38m34s out of 1d, 00h00m00s (100% completed)
                  (38314.0761708472 s / 86400 s)
    - Delta Time: 04h50m01s (17401.780435180834 s)
    - Cycle:      9
--------------------------------------------------------------------

Time: 3.83e+04 s, dt: 17401.780435180834 s, Cycle: 9

    Attempt:  0, ConfigurationIter:  0, NewtonIter:  0
        ( Rflow ) = ( 1.32e-01 )        ( Rsolid ) = ( 7.95e-11 )        ( R ) = ( 1.32e-01 )
        MGR preconditioner: numComponentsPerField = [3, 3]
        Linear Solver | Success | Iterations: 46 | Final Rel Res: 7.2104e-05 | Make Restrictor Time: 0.356216 | Compute Auu Time: 3.77781 | SC Filter Time: 1.24924 | Setup Time: 24.0916 s | Solve Time: 161.788 s
        Last LinSolve(iter,res) = (  46, 7.21e-05 )
        twoPhaseFlow: Max pressure change = 138825.120 Pa (before scaling)
        twoPhaseFlow: Max component density change = 315.506 kg/m3 (before scaling)
        PoromechanicsSolver: Global solution scaling factor = 1
        PoromechanicsSolver: Max phase volume fraction change = 0.3083
    Attempt:  0, ConfigurationIter:  0, NewtonIter:  1
        ( Rflow ) = ( 6.19e-01 )        ( Rsolid ) = ( 2.22e-08 )        ( R ) = ( 6.19e-01 )
        MGR preconditioner: numComponentsPerField = [3, 3]
        Linear Solver | Success | Iterations: 44 | Final Rel Res: 6.2383e-05 | Make Restrictor Time: 0.277688 | Compute Auu Time: 3.7518 | SC Filter Time: 1.24794 | Setup Time: 23.9964 s | Solve Time: 157.477 s
        Last LinSolve(iter,res) = (  44, 6.24e-05 )
        twoPhaseFlow: Max pressure change = 92887.804 Pa (before scaling)
        twoPhaseFlow: Max component density change = 140.063 kg/m3 (before scaling)
        PoromechanicsSolver: Global solution scaling factor = 1
        PoromechanicsSolver: Max phase volume fraction change = 0.1367
    Attempt:  0, ConfigurationIter:  0, NewtonIter:  2
        ( Rflow ) = ( 1.39e-01 )        ( Rsolid ) = ( 1.08e-08 )        ( R ) = ( 1.39e-01 )
        MGR preconditioner: numComponentsPerField = [3, 3]
        Linear Solver | Success | Iterations: 36 | Final Rel Res: 9.81643e-05 | Make Restrictor Time: 0.279233 | Compute Auu Time: 4.40724 | SC Filter Time: 1.29279 | Setup Time: 24.9507 s | Solve Time: 123.193 s
        Last LinSolve(iter,res) = (  36, 9.82e-05 )
        twoPhaseFlow: Max pressure change = 8611.063 Pa (before scaling)
        twoPhaseFlow: Max component density change = 57.631 kg/m3 (before scaling)
        PoromechanicsSolver: Global solution scaling factor = 1
        PoromechanicsSolver: Max phase volume fraction change = 0.0574
    Attempt:  0, ConfigurationIter:  0, NewtonIter:  3
        ( Rflow ) = ( 1.98e-02 )        ( Rsolid ) = ( 1.54e-09 )        ( R ) = ( 1.98e-02 )
        MGR preconditioner: numComponentsPerField = [3, 3]
        Linear Solver | Success | Iterations: 37 | Final Rel Res: 7.34034e-05 | Make Restrictor Time: 0.278187 | Compute Auu Time: 3.79351 | SC Filter Time: 1.2599 | Setup Time: 23.9577 s | Solve Time: 127.707 s
        Last LinSolve(iter,res) = (  37, 7.34e-05 )
        twoPhaseFlow: Max pressure change = 1920.523 Pa (before scaling)
        twoPhaseFlow: Max component density change = 11.068 kg/m3 (before scaling)
        PoromechanicsSolver: Global solution scaling factor = 1
        PoromechanicsSolver: Max phase volume fraction change = 0.0108
    Attempt:  0, ConfigurationIter:  0, NewtonIter:  4
        ( Rflow ) = ( 2.36e-03 )        ( Rsolid ) = ( 1.49e-10 )        ( R ) = ( 2.36e-03 )
        MGR preconditioner: numComponentsPerField = [3, 3]
        Linear Solver | Success | Iterations: 41 | Final Rel Res: 7.37929e-05 | Make Restrictor Time: 0.277728 | Compute Auu Time: 3.81126 | SC Filter Time: 1.27164 | Setup Time: 24.0716 s | Solve Time: 142.518 s
        Last LinSolve(iter,res) = (  41, 7.38e-05 )
        twoPhaseFlow: Max pressure change = 215.708 Pa (before scaling)
        twoPhaseFlow: Max component density change = 1.555 kg/m3 (before scaling)
        PoromechanicsSolver: Global solution scaling factor = 1
        PoromechanicsSolver: Max phase volume fraction change = 0.0015
    Attempt:  0, ConfigurationIter:  0, NewtonIter:  5
        ( Rflow ) = ( 7.29e-06 )        ( Rsolid ) = ( 1.10e-11 )        ( R ) = ( 7.29e-06 )
twoPhaseFlow: max relative pressure change during time step = 0.563 %
twoPhaseFlow: max absolute phase volume fraction change during time step = 0.116
PoromechanicsSolver: time-step required will be increased based on state change.

------------------------- TIMESTEP START -------------------------
    - Time:       15h28m35s out of 1d, 00h00m00s (100% completed)
                  (55715.85660602803 s / 86400 s)
    - Delta Time: 06h41m58s (24118.122952726462 s)
    - Cycle:      10
--------------------------------------------------------------------

Time: 5.57e+04 s, dt: 24118.122952726462 s, Cycle: 10

    Attempt:  0, ConfigurationIter:  0, NewtonIter:  0
        ( Rflow ) = ( 1.33e-01 )        ( Rsolid ) = ( 1.10e-11 )        ( R ) = ( 1.33e-01 )
        MGR preconditioner: numComponentsPerField = [3, 3]
        Linear Solver | Success | Iterations: 51 | Final Rel Res: 8.11512e-05 | Make Restrictor Time: 0.276907 | Compute Auu Time: 4.90127 | SC Filter Time: 1.29729 | Setup Time: 25.2849 s | Solve Time: 180.191 s
        Last LinSolve(iter,res) = (  51, 8.12e-05 )
        twoPhaseFlow: Max pressure change = 131152.262 Pa (before scaling)
        twoPhaseFlow: Max component density change = 341.156 kg/m3 (before scaling)
        PoromechanicsSolver: Global solution scaling factor = 1
        PoromechanicsSolver: Max phase volume fraction change = 0.3329
    Attempt:  0, ConfigurationIter:  0, NewtonIter:  1
        ( Rflow ) = ( 7.74e-01 )        ( Rsolid ) = ( 2.46e-08 )        ( R ) = ( 7.74e-01 )
        MGR preconditioner: numComponentsPerField = [3, 3]
        Linear Solver | Success | Iterations: 44 | Final Rel Res: 7.31015e-05 | Make Restrictor Time: 0.278927 | Compute Auu Time: 3.81075 | SC Filter Time: 1.26738 | Setup Time: 24.4581 s | Solve Time: 154.169 s
        Last LinSolve(iter,res) = (  44, 7.31e-05 )
        twoPhaseFlow: Max pressure change = 84810.103 Pa (before scaling)
        twoPhaseFlow: Max component density change = 151.700 kg/m3 (before scaling)
        PoromechanicsSolver: Global solution scaling factor = 1
        PoromechanicsSolver: Max phase volume fraction change = 0.1480
    Attempt:  0, ConfigurationIter:  0, NewtonIter:  2
        ( Rflow ) = ( 1.92e-01 )        ( Rsolid ) = ( 1.30e-08 )        ( R ) = ( 1.92e-01 )
        MGR preconditioner: numComponentsPerField = [3, 3]
        Linear Solver | Success | Iterations: 40 | Final Rel Res: 8.85029e-05 | Make Restrictor Time: 0.275881 | Compute Auu Time: 3.8527 | SC Filter Time: 1.26515 | Setup Time: 24.036 s | Solve Time: 137.041 s
        Last LinSolve(iter,res) = (  40, 8.85e-05 )
        twoPhaseFlow: Max pressure change = 15766.065 Pa (before scaling)
        twoPhaseFlow: Max component density change = 70.428 kg/m3 (before scaling)
        PoromechanicsSolver: Global solution scaling factor = 1
        PoromechanicsSolver: Max phase volume fraction change = 0.0698
    Attempt:  0, ConfigurationIter:  0, NewtonIter:  3
        ( Rflow ) = ( 2.68e-02 )        ( Rsolid ) = ( 2.08e-09 )        ( R ) = ( 2.68e-02 )
        MGR preconditioner: numComponentsPerField = [3, 3]
        Linear Solver | Success | Iterations: 36 | Final Rel Res: 8.99548e-05 | Make Restrictor Time: 0.275861 | Compute Auu Time: 3.90341 | SC Filter Time: 1.27158 | Setup Time: 31.7279 s | Solve Time: 122.682 s
        Last LinSolve(iter,res) = (  36, 9.00e-05 )
        twoPhaseFlow: Max pressure change = 1456.450 Pa (before scaling)
        twoPhaseFlow: Max component density change = 21.855 kg/m3 (before scaling)
        PoromechanicsSolver: Global solution scaling factor = 1
        PoromechanicsSolver: Max phase volume fraction change = 0.0213
    Attempt:  0, ConfigurationIter:  0, NewtonIter:  4
        ( Rflow ) = ( 2.68e-03 )        ( Rsolid ) = ( 2.74e-10 )        ( R ) = ( 2.68e-03 )
        MGR preconditioner: numComponentsPerField = [3, 3]
        Linear Solver | Success | Iterations: 38 | Final Rel Res: 8.96349e-05 | Make Restrictor Time: 0.274856 | Compute Auu Time: 3.86422 | SC Filter Time: 1.27895 | Setup Time: 32.2668 s | Solve Time: 129.916 s
        Last LinSolve(iter,res) = (  38, 8.96e-05 )
        twoPhaseFlow: Max pressure change = 308.840 Pa (before scaling)
        twoPhaseFlow: Max component density change = 3.116 kg/m3 (before scaling)
        PoromechanicsSolver: Global solution scaling factor = 1
        PoromechanicsSolver: Max phase volume fraction change = 0.0030
    Attempt:  0, ConfigurationIter:  0, NewtonIter:  5
        ( Rflow ) = ( 1.88e-04 )        ( Rsolid ) = ( 1.83e-11 )        ( R ) = ( 1.88e-04 )
twoPhaseFlow: max relative pressure change during time step = 0.499 %
twoPhaseFlow: max absolute phase volume fraction change during time step = 0.125
PoromechanicsSolver: time-step required will be increased based on state change.

------------------------- TIMESTEP START -------------------------
    - Time:       22h10m33s out of 1d, 00h00m00s (100% completed)
                  (79833.9795587545 s / 86400 s)
    - Delta Time: 01h49m26s (6566.020441245506 s)
    - Cycle:      11
--------------------------------------------------------------------

Time: 7.98e+04 s, dt: 6566.020441245506 s, Cycle: 11

    Attempt:  0, ConfigurationIter:  0, NewtonIter:  0
        ( Rflow ) = ( 2.86e-02 )        ( Rsolid ) = ( 1.83e-11 )        ( R ) = ( 2.86e-02 )
        MGR preconditioner: numComponentsPerField = [3, 3]
        Linear Solver | Success | Iterations: 47 | Final Rel Res: 7.03133e-05 | Make Restrictor Time: 0.275954 | Compute Auu Time: 3.86413 | SC Filter Time: 1.27494 | Setup Time: 34.0799 s | Solve Time: 166.107 s
        Last LinSolve(iter,res) = (  47, 7.03e-05 )
        twoPhaseFlow: Max pressure change = 38944.532 Pa (before scaling)
        twoPhaseFlow: Max component density change = 52.556 kg/m3 (before scaling)
        PoromechanicsSolver: Global solution scaling factor = 1
        PoromechanicsSolver: Max phase volume fraction change = 0.0513
    Attempt:  0, ConfigurationIter:  0, NewtonIter:  1
        ( Rflow ) = ( 3.25e-02 )        ( Rsolid ) = ( 2.58e-09 )        ( R ) = ( 3.25e-02 )
        MGR preconditioner: numComponentsPerField = [3, 3]
        Linear Solver | Success | Iterations: 47 | Final Rel Res: 5.90551e-05 | Make Restrictor Time: 0.275585 | Compute Auu Time: 3.87547 | SC Filter Time: 1.25184 | Setup Time: 32.0896 s | Solve Time: 161.691 s
        Last LinSolve(iter,res) = (  47, 5.91e-05 )
        twoPhaseFlow: Max pressure change = 16362.202 Pa (before scaling)
        twoPhaseFlow: Max component density change = 32.252 kg/m3 (before scaling)
        PoromechanicsSolver: Global solution scaling factor = 1
        PoromechanicsSolver: Max phase volume fraction change = 0.0315
    Attempt:  0, ConfigurationIter:  0, NewtonIter:  2
        ( Rflow ) = ( 1.88e-03 )        ( Rsolid ) = ( 1.95e-10 )        ( R ) = ( 1.88e-03 )
        MGR preconditioner: numComponentsPerField = [3, 3]
        Linear Solver | Success | Iterations: 43 | Final Rel Res: 9.58278e-05 | Make Restrictor Time: 0.319581 | Compute Auu Time: 3.95293 | SC Filter Time: 1.26896 | Setup Time: 30.9392 s | Solve Time: 145.782 s
        Last LinSolve(iter,res) = (  43, 9.58e-05 )
        twoPhaseFlow: Max pressure change = 1467.287 Pa (before scaling)
        twoPhaseFlow: Max component density change = 3.569 kg/m3 (before scaling)
        PoromechanicsSolver: Global solution scaling factor = 1
        PoromechanicsSolver: Max phase volume fraction change = 0.0035
    Attempt:  0, ConfigurationIter:  0, NewtonIter:  3
        ( Rflow ) = ( 1.23e-05 )        ( Rsolid ) = ( 1.56e-11 )        ( R ) = ( 1.23e-05 )
twoPhaseFlow: max relative pressure change during time step = 0.400 %
twoPhaseFlow: max absolute phase volume fraction change during time step = 0.042
PoromechanicsSolver: time-step required will be increased based on number of iterations.
Cleaning up events
PoromechanicsSolver, number of time steps: 12
PoromechanicsSolver, number of successful nonlinear iterations: 43
PoromechanicsSolver, number of successful linear iterations: 1820
PoromechanicsSolver, number of time step cuts: 0
PoromechanicsSolver, number of discarded nonlinear iterations: 0
PoromechanicsSolver, number of discarded linear iterations: 0
PoromechanicsSolver: apply solution time = 35.995876942 s (min), 52.335807485 s (max)
PoromechanicsSolver: assemble time = 135.306796618 s (min), 138.153833282 s (max)
PoromechanicsSolver: convergence check time = 2.116202597 s (min), 2.143811712 s (max)
PoromechanicsSolver: linear solver create time = 248.019468488 s (min), 248.047180363 s (max)
PoromechanicsSolver: linear solver setup time = 1128.160113338 s (min), 1128.225818413 s (max)
PoromechanicsSolver: linear solver solve time = 6483.216938723 s (min), 6483.382630431 s (max)
PoromechanicsSolver: linear solver total time = 7894.635248695 s (min), 7910.162014838 s (max)
PoromechanicsSolver: update state time = 45.263577825 s (min), 47.082972136 s (max)

-----------------------------------------------------------------------------------------------------------------
|         Umpire Memory Pool  |   Min over ranks  |  Max  over ranks  |  Avg  over ranks  |     Sum over ranks  |
|  (reserved / % over total)  |                   |                   |                   |                     |
-----------------------------------------------------------------------------------------------------------------
|                       HOST  |  3.5 GB   (0.5%)  |  3.7 GB   (0.5%)  |  3.6 GB   (0.5%)  |  171.8 GB   (0.5%)  |
-----------------------------------------------------------------------------------------------------------------


Finished at 2024-08-29 22:58:18.303442605
total time            02h16m04s (8164.020136791 s)
initialization time   00h00m07s (7.551218211 s)
run time              02h15m50s (8150.316261239 s)
